<?xml version="1.0" encoding="UTF-8"?>
<robot generator="Robot 6.0.2 (Python 3.11.2 on win32)" generated="20230308 09:44:16.498" rpa="false" schemaversion="3">
    <suite id="s1" name="XYZProject.TestcaseSuite"
           source="D:\FusionTestFramework\Com.XYZProject.Android\XYZProject.TestcaseSuite">
        <suite id="s1-s1" name="TC001 - Tap on 'Privacy policy' and verify user is landing on Privacy policy page"
               source="D:\FusionTestFramework\Com.XYZProject.Android\XYZProject.TestcaseSuite\TC001 - Tap on 'Privacy policy' and verify user is landing on Privacy policy page.robot">
            <kw name="Setup before suit start" library="Setup keywords" type="SETUP">
                <kw name="Start Appium Service" library="MobileTestLibrary">
                    <msg timestamp="20230308 09:44:18.653" level="WARN">Retrying (Retry(total=2, connect=None,
                        read=None, redirect=None, status=None)) after connection broken by 'ConnectTimeoutError(&lt;urllib3.connection.HTTPConnection
                        object at 0x000001F31E95C5D0&gt;, 'Connection to 127.0.0.1 timed out. (connect timeout=1.0)')':
                        /wd/hub/status
                    </msg>
                    <status status="PASS" starttime="20230308 09:44:16.842" endtime="20230308 09:44:19.204"/>
                </kw>
                <status status="PASS" starttime="20230308 09:44:16.842" endtime="20230308 09:44:19.204"/>
            </kw>
            <test id="s1-s1-t1" name="Tap on 'Privacy policy' and verify user is landing on Privacy policy page"
                  line="11">
                <kw name="Launch Test application" library="Setup keywords" type="SETUP">
                    <kw name="Open Application" library="MobileTestLibrary">
                        <arg>${remote_url}</arg>
                        <arg>&amp;{device}</arg>
                        <doc>Opens a new application to given Appium server.
                            Capabilities of appium server, Android and iOS,
                            Please check
                            https://github.com/appium/appium/blob/master/docs/en/writing-running-appium/server-args.md
                            | *Option* | *Man.* | *Description* |
                            | remote_url | Yes | Appium server url |
                            | alias | no | alias |
                            | strict_ssl | No | allows you to send commands to an invalid certificate host like a
                            self-signed one. |
                        </doc>
                        <status status="PASS" starttime="20230308 09:44:19.206" endtime="20230308 09:44:40.908"/>
                    </kw>
                    <kw name="Set Appium Timeout" library="MobileTestLibrary">
                        <arg>30</arg>
                        <doc>Sets the timeout in seconds used by various keywords.</doc>
                        <status status="PASS" starttime="20230308 09:44:40.908" endtime="20230308 09:44:40.908"/>
                    </kw>
                    <status status="PASS" starttime="20230308 09:44:19.205" endtime="20230308 09:44:40.909"/>
                </kw>
                <kw name="launch camera app and wait until user scan the QR code from study link url"
                    library="launch_flow_keywords">
                    <kw name="Start Activity" library="MobileTestLibrary">
                        <arg>com.google.android.GoogleCamera</arg>
                        <arg>com.android.camera.CameraLauncher</arg>
                        <doc>Opens an arbitrary activity during a test. If the activity belongs to
                            another application, that application is started and the activity is opened.
                        </doc>
                        <kw name="Capture Page Screenshot">
                            <msg timestamp="20230308 09:44:42.005" level="FAIL">Multiple keywords with name 'Capture
                                Page Screenshot' found. Give the full name of the keyword you want to use:
                                MobileTestLibrary.Capture Page Screenshot
                                WebApplicationTestLibrary.Capture Page Screenshot
                            </msg>
                            <status status="FAIL" starttime="20230308 09:44:42.005" endtime="20230308 09:44:42.006"/>
                        </kw>
                        <msg timestamp="20230308 09:44:42.008" level="WARN">Keyword 'Capture Page Screenshot' could not
                            be run on failure: Multiple keywords with name 'Capture Page Screenshot' found. Give the
                            full name of the keyword you want to use:
                            MobileTestLibrary.Capture Page Screenshot
                            WebApplicationTestLibrary.Capture Page Screenshot
                        </msg>
                        <kw name="Capture Page Screenshot">
                            <msg timestamp="20230308 09:44:42.008" level="FAIL">Multiple keywords with name 'Capture
                                Page Screenshot' found. Give the full name of the keyword you want to use:
                                MobileTestLibrary.Capture Page Screenshot
                                WebApplicationTestLibrary.Capture Page Screenshot
                            </msg>
                            <status status="FAIL" starttime="20230308 09:44:42.008" endtime="20230308 09:44:42.008"/>
                        </kw>
                        <msg timestamp="20230308 09:44:42.011" level="WARN">Keyword 'Capture Page Screenshot' could not
                            be run on failure: Multiple keywords with name 'Capture Page Screenshot' found. Give the
                            full name of the keyword you want to use:
                            MobileTestLibrary.Capture Page Screenshot
                            WebApplicationTestLibrary.Capture Page Screenshot
                        </msg>
                        <msg timestamp="20230308 09:44:42.012" level="FAIL">WebDriverException: Message: An unknown
                            server-side error occurred while processing the command. Original error: Cannot start the
                            'com.google.android.GoogleCamera' application. Visit
                            https://github.com/appium/appium/blob/master/docs/en/writing-running-appium/android/activity-startup.md
                            for troubleshooting. Original error: Cannot start the 'com.google.android.GoogleCamera'
                            application. Visit
                            https://github.com/appium/appium/blob/master/docs/en/writing-running-appium/android/activity-startup.md
                            for troubleshooting. Original error: Activity name '.com.android.camera.CameraLauncher' used
                            to start the app doesn't exist or cannot be launched! Make sure it exists and is a
                            launchable activity
                            Stacktrace:
                            UnknownError: An unknown server-side error occurred while processing the command. Original
                            error: Cannot start the 'com.google.android.GoogleCamera' application. Visit
                            https://github.com/appium/appium/blob/master/docs/en/writing-running-appium/android/activity-startup.md
                            for troubleshooting. Original error: Cannot start the 'com.google.android.GoogleCamera'
                            application. Visit
                            https://github.com/appium/appium/blob/master/docs/en/writing-running-appium/android/activity-startup.md
                            for troubleshooting. Original error: Activity name '.com.android.camera.CameraLauncher' used
                            to start the app doesn't exist or cannot be launched! Make sure it exists and is a
                            launchable activity
                            at getResponseForW3CError
                            (C:\Users\ZMO-WIN-ShrikantL-01\AppData\Roaming\npm\node_modules\appium\node_modules\appium-base-driver\lib\protocol\errors.js:804:9)
                            at asyncHandler
                            (C:\Users\ZMO-WIN-ShrikantL-01\AppData\Roaming\npm\node_modules\appium\node_modules\appium-base-driver\lib\protocol\protocol.js:380:37)
                        </msg>
                        <status status="FAIL" starttime="20230308 09:44:40.909" endtime="20230308 09:44:42.019"/>
                    </kw>
                    <kw name="Open Browser" library="WebApplicationTestLibrary">
                        <arg>${url}</arg>
                        <arg>${Browser}</arg>
                        <doc>Opens a new browser instance to the optional ``url``.</doc>
                        <status status="NOT RUN" starttime="20230308 09:44:42.020" endtime="20230308 09:44:42.020"/>
                    </kw>
                    <kw name="Maximize Browser Window" library="WebApplicationTestLibrary">
                        <doc>Maximizes current browser window.</doc>
                        <status status="NOT RUN" starttime="20230308 09:44:42.020" endtime="20230308 09:44:42.020"/>
                    </kw>
                    <status status="FAIL" starttime="20230308 09:44:40.909" endtime="20230308 09:44:42.020"/>
                </kw>
                <kw name="tap on generated link" library="launch_flow_keywords">
                    <status status="NOT RUN" starttime="20230308 09:44:42.020" endtime="20230308 09:44:42.020"/>
                </kw>
                <kw name="tap on 'google play store' button" library="launch_flow_keywords">
                    <status status="NOT RUN" starttime="20230308 09:44:42.020" endtime="20230308 09:44:42.020"/>
                </kw>
                <kw name="verify user is landed on 'google playstore' on vision app page"
                    library="launch_flow_keywords">
                    <status status="NOT RUN" starttime="20230308 09:44:42.020" endtime="20230308 09:44:42.020"/>
                </kw>
                <kw name="Verify if Need Help? page opens up after tapping Need Help? link from landing page"
                    library="launch_flow_keywords">
                    <status status="NOT RUN" starttime="20230308 09:44:42.020" endtime="20230308 09:44:42.020"/>
                </kw>
                <kw name="tap on 'Privacy policy' and verify user is landing on Privacy policy page"
                    library="launch_flow_keywords">
                    <status status="NOT RUN" starttime="20230308 09:44:42.020" endtime="20230308 09:44:42.020"/>
                </kw>
                <kw name="close Test application" library="Setup keywords" type="TEARDOWN">
                    <kw name="Run Keyword And Continue On Failure" library="BuiltIn">
                        <arg>MobileTestLibrary.Close Application</arg>
                        <doc>Runs the keyword and continues execution even if a failure occurs.</doc>
                        <kw name="Close Application" library="MobileTestLibrary">
                            <doc>Closes the current application and also close webdriver session.</doc>
                            <status status="PASS" starttime="20230308 09:44:42.021" endtime="20230308 09:44:42.936"/>
                        </kw>
                        <status status="PASS" starttime="20230308 09:44:42.021" endtime="20230308 09:44:42.936"/>
                    </kw>
                    <kw name="Run Keyword And Continue On Failure" library="BuiltIn">
                        <arg>WebApplicationTestLibrary.Close Browser</arg>
                        <doc>Runs the keyword and continues execution even if a failure occurs.</doc>
                        <kw name="Close Browser" library="WebApplicationTestLibrary">
                            <doc>Closes the current browser.</doc>
                            <status status="PASS" starttime="20230308 09:44:42.937" endtime="20230308 09:44:42.937"/>
                        </kw>
                        <status status="PASS" starttime="20230308 09:44:42.936" endtime="20230308 09:44:42.937"/>
                    </kw>
                    <kw name="Run Keyword And Continue On Failure" library="BuiltIn">
                        <arg>WebApplicationTestLibrary.Close All Browsers</arg>
                        <doc>Runs the keyword and continues execution even if a failure occurs.</doc>
                        <kw name="Close All Browsers" library="WebApplicationTestLibrary">
                            <doc>Closes all open browsers and resets the browser cache.</doc>
                            <status status="PASS" starttime="20230308 09:44:42.938" endtime="20230308 09:44:42.938"/>
                        </kw>
                        <status status="PASS" starttime="20230308 09:44:42.937" endtime="20230308 09:44:42.938"/>
                    </kw>
                    <kw name="Run Keyword And Continue On Failure" library="BuiltIn">
                        <arg>MobileTestLibrary.Close All Applications</arg>
                        <doc>Runs the keyword and continues execution even if a failure occurs.</doc>
                        <kw name="Close All Applications" library="MobileTestLibrary">
                            <doc>Closes all open applications.</doc>
                            <status status="PASS" starttime="20230308 09:44:42.938" endtime="20230308 09:44:42.943"/>
                        </kw>
                        <status status="PASS" starttime="20230308 09:44:42.938" endtime="20230308 09:44:42.943"/>
                    </kw>
                    <status status="PASS" starttime="20230308 09:44:42.021" endtime="20230308 09:44:42.943"/>
                </kw>
                <doc>Verification that Google Play button redirecting user to Vision Project on play store</doc>
                <tag>Regression</tag>
                <status status="FAIL" starttime="20230308 09:44:19.204" endtime="20230308 09:44:42.943">
                    WebDriverException: Message: An unknown server-side error occurred while processing the command.
                    Original error: Cannot start the 'com.google.android.GoogleCamera' application. Visit
                    https://github.com/appium/appium/blob/master/docs/en/writing-running-appium/android/activity-startup.md
                    for troubleshooting. Original error: Cannot start the 'com.google.android.GoogleCamera' application.
                    Visit
                    https://github.com/appium/appium/blob/master/docs/en/writing-running-appium/android/activity-startup.md
                    for troubleshooting. Original error: Activity name '.com.android.camera.CameraLauncher' used to
                    start the app doesn't exist or cannot be launched! Make sure it exists and is a launchable activity
                    Stacktrace:
                    UnknownError: An unknown server-side error occurred while processing the command. Original error:
                    Cannot start the 'com.google.android.GoogleCamera' application. Visit
                    https://github.com/appium/appium/blob/master/docs/en/writing-running-appium/android/activity-startup.md
                    for troubleshooting. Original error: Cannot start the 'com.google.android.GoogleCamera' application.
                    Visit
                    https://github.com/appium/appium/blob/master/docs/en/writing-running-appium/android/activity-startup.md
                    for troubleshooting. Original error: Activity name '.com.android.camera.CameraLauncher' used to
                    start the app doesn't exist or cannot be launched! Make sure it exists and is a launchable activity
                    at getResponseForW3CError
                    (C:\Users\ZMO-WIN-ShrikantL-01\AppData\Roaming\npm\node_modules\appium\node_modules\appium-base-driver\lib\protocol\errors.js:804:9)
                    at asyncHandler
                    (C:\Users\ZMO-WIN-ShrikantL-01\AppData\Roaming\npm\node_modules\appium\node_modules\appium-base-driver\lib\protocol\protocol.js:380:37)
                </status>
            </test>
            <kw name="tearDown" library="Setup keywords" type="TEARDOWN">
                <kw name="Stop Appium Service" library="MobileTestLibrary">
                    <status status="PASS" starttime="20230308 09:44:42.945" endtime="20230308 09:44:42.945"/>
                </kw>
                <status status="PASS" starttime="20230308 09:44:42.944" endtime="20230308 09:44:42.945"/>
            </kw>
            <status status="FAIL" starttime="20230308 09:44:16.520" endtime="20230308 09:44:42.945"/>
        </suite>
        <suite id="s1-s2" name="TC002 - Verify that Deep link URL is providing QR code"
               source="D:\FusionTestFramework\Com.XYZProject.Android\XYZProject.TestcaseSuite\TC002 - Verify that Deep link URL is providing QR code.robot">
            <test id="s1-s2-t1" name="Verify that Deep link URL is providing QR code" line="8">
                <kw name="Launch browser and input url" library="Setup keywords" type="SETUP">
                    <kw name="Open Browser" library="WebApplicationTestLibrary">
                        <arg>${url}</arg>
                        <arg>${Browser}</arg>
                        <doc>Opens a new browser instance to the optional ``url``.</doc>
                        <msg timestamp="20230308 09:44:42.968" level="INFO">Opening browser 'chrome' to base url
                            'https://social.vision-project.co/?studyID=d2563e38-04e4-4c06-8323-f8c4722040b0&amp;userID=Jai'.
                        </msg>
                        <status status="PASS" starttime="20230308 09:44:42.967" endtime="20230308 09:44:46.732"/>
                    </kw>
                    <kw name="Maximize Browser Window" library="WebApplicationTestLibrary">
                        <doc>Maximizes current browser window.</doc>
                        <msg timestamp="20230308 09:44:46.743" level="WARN">Keyword 'Capture Page Screenshot' could not
                            be run on failure: Message: no such window: target window already closed
                            from unknown error: web view not found
                            (Session info: chrome=110.0.5481.178)
                            Stacktrace:
                            Backtrace:
                            (No symbol) [0x002737D3]
                            (No symbol) [0x00208B81]
                            (No symbol) [0x0010B36D]
                            (No symbol) [0x000EE5DA]
                            (No symbol) [0x0015F0CB]
                            (No symbol) [0x00170A56]
                            (No symbol) [0x0015B216]
                            (No symbol) [0x00130D97]
                            (No symbol) [0x0013253D]
                            GetHandleVerifier [0x004EABF2+2510930]
                            GetHandleVerifier [0x00518EC1+2700065]
                            GetHandleVerifier [0x0051C86C+2714828]
                            GetHandleVerifier [0x00323480+645344]
                            (No symbol) [0x00210FD2]
                            (No symbol) [0x00216C68]
                            (No symbol) [0x00216D4B]
                            (No symbol) [0x00220D6B]
                            BaseThreadInitThunk [0x75AE00F9+25]
                            RtlGetAppContainerNamedObjectPath [0x77567BBE+286]
                            RtlGetAppContainerNamedObjectPath [0x77567B8E+238]
                            (No symbol) [0x00000000]
                        </msg>
                        <msg timestamp="20230308 09:44:46.743" level="FAIL">NoSuchWindowException: Message: no such
                            window: target window already closed
                            from unknown error: web view not found
                            (Session info: chrome=110.0.5481.178)
                            Stacktrace:
                            Backtrace:
                            (No symbol) [0x002737D3]
                            (No symbol) [0x00208B81]
                            (No symbol) [0x0010B36D]
                            (No symbol) [0x000EE5DA]
                            (No symbol) [0x0015F0CB]
                            (No symbol) [0x00170A56]
                            (No symbol) [0x0015B216]
                            (No symbol) [0x00130D97]
                            (No symbol) [0x0013253D]
                            GetHandleVerifier [0x004EABF2+2510930]
                            GetHandleVerifier [0x00518EC1+2700065]
                            GetHandleVerifier [0x0051C86C+2714828]
                            GetHandleVerifier [0x00323480+645344]
                            (No symbol) [0x00210FD2]
                            (No symbol) [0x00216C68]
                            (No symbol) [0x00216D4B]
                            (No symbol) [0x00220D6B]
                            BaseThreadInitThunk [0x75AE00F9+25]
                            RtlGetAppContainerNamedObjectPath [0x77567BBE+286]
                            RtlGetAppContainerNamedObjectPath [0x77567B8E+238]
                            (No symbol) [0x00000000]
                        </msg>
                        <status status="FAIL" starttime="20230308 09:44:46.732" endtime="20230308 09:44:46.750"/>
                    </kw>
                    <status status="FAIL" starttime="20230308 09:44:42.967" endtime="20230308 09:44:46.750"/>
                </kw>
                <kw name="Close Browser" library="WebApplicationTestLibrary" type="TEARDOWN">
                    <doc>Closes the current browser.</doc>
                    <msg timestamp="20230308 09:44:48.264" level="ERROR">When closing browser, received exception:
                        Execution terminated by signal
                    </msg>
                    <msg timestamp="20230308 09:44:48.265" level="INFO">Cannot capture screenshot because no browser is
                        open.
                    </msg>
                    <status status="FAIL" starttime="20230308 09:44:46.751" endtime="20230308 09:44:48.265">Execution
                        terminated by signal
                    </status>
                </kw>
                <doc>verification of barcode generation of specified link</doc>
                <tag>Regression</tag>
                <status status="FAIL" starttime="20230308 09:44:42.966" endtime="20230308 09:44:48.265">Setup failed:
                    NoSuchWindowException: Message: no such window: target window already closed
                    from unknown error: web view not found
                    (Session info: chrome=110.0.5481.178)
                    Stacktrace:
                    Backtrace:
                    (No symbol) [0x002737D3]
                    (No symbol) [0x00208B81]
                    (No symbol) [0x0010B36D]
                    (No symbol) [0x000EE5DA]
                    (No symbol) [0x0015F0CB]
                    (No symbol) [0x00170A56]
                    (No symbol) [0x0015B216]
                    (No symbol) [0x00130D97]
                    (No symbol) [0x0013253D]
                    GetHandleVerifier [0x004EABF2+2510930]
                    GetHandleVerifier [0x00518EC1+2700065]
                    GetHandleVerifier [0x0051C86C+2714828]
                    GetHandleVerifier [0x00323480+645344]
                    (No symbol) [0x00210FD2]
                    (No symbol) [0x00216C68]
                    (No symbol) [0x00216D4B]
                    (No symbol) [0x00220D6B]
                    BaseThreadInitThunk [0x75AE00F9+25]
                    RtlGetAppContainerNamedObjectPath [0x77567BBE+286]
                    RtlGetAppContainerNamedObjectPath [0x77567B8E+238]
                    (No symbol) [0x00000000]


                    Also teardown failed:
                    Execution terminated by signal
                </status>
            </test>
            <status status="FAIL" starttime="20230308 09:44:42.946" endtime="20230308 09:44:48.267"/>
        </suite>
        <suite id="s1-s3" name="TC003 - Verify that Google Play button redirecting user to Vision Project on play store"
               source="D:\FusionTestFramework\Com.XYZProject.Android\XYZProject.TestcaseSuite\TC003 - Verify that Google Play button redirecting user to Vision Project on play store.robot">
            <test id="s1-s3-t1" name="Verify that Google Play button redirecting user to Vision Project on play store"
                  line="11">
                <doc>Verification that Google Play button redirecting user to Vision Project on play store</doc>
                <tag>Regression</tag>
                <tag>robot:exit</tag>
                <status status="FAIL" starttime="20230308 09:44:48.271" endtime="20230308 09:44:48.272">Test execution
                    stopped due to a fatal error.
                </status>
            </test>
            <status status="FAIL" starttime="20230308 09:44:48.270" endtime="20230308 09:44:48.272"/>
        </suite>
        <suite id="s1-s4"
               name="TC004 - Verify that if social app is not installed on phone then App was not found screen appears"
               source="D:\FusionTestFramework\Com.XYZProject.Android\XYZProject.TestcaseSuite\TC004 - Verify that if social app is not installed on phone then App was not found screen appears.robot">
            <test id="s1-s4-t1"
                  name="Verify that if social app is not installed on phone then App was not found screen appears"
                  line="10">
                <doc>Verification that if social app is not installed on phone then App was not found screen appears
                </doc>
                <tag>robot:exit</tag>
                <tag>smoke</tag>
                <status status="FAIL" starttime="20230308 09:44:48.274" endtime="20230308 09:44:48.276">Test execution
                    stopped due to a fatal error.
                </status>
            </test>
            <status status="FAIL" starttime="20230308 09:44:48.273" endtime="20230308 09:44:48.276"/>
        </suite>
        <suite id="s1-s5" name="TC005 - Verify welcome page journey is as excepted"
               source="D:\FusionTestFramework\Com.XYZProject.Android\XYZProject.TestcaseSuite\TC005 - Verify welcome page journey is as excepted.robot">
            <test id="s1-s5-t1" name="Verify that user is able to paste study link using Paste study link" line="11">
                <doc>Verification that user is able to paste study link using Paste study link</doc>
                <tag>Regression</tag>
                <tag>robot:exit</tag>
                <status status="FAIL" starttime="20230308 09:44:48.277" endtime="20230308 09:44:48.278">Test execution
                    stopped due to a fatal error.
                </status>
            </test>
            <test id="s1-s5-t2" name="Verify that Help page open up when user taps on help icon&quot;?&quot;" line="22">
                <doc>Verification that Help page open up when user taps on help icon"?"</doc>
                <tag>Regression</tag>
                <tag>robot:exit</tag>
                <status status="FAIL" starttime="20230308 09:44:48.278" endtime="20230308 09:44:48.279">Test execution
                    stopped due to a fatal error.
                </status>
            </test>
            <status status="FAIL" starttime="20230308 09:44:48.276" endtime="20230308 09:44:48.280"/>
        </suite>
        <status status="FAIL" starttime="20230308 09:44:16.500" endtime="20230308 09:44:48.281"/>
    </suite>
    <statistics>
        <total>
            <stat pass="0" fail="6" skip="0">All Tests</stat>
        </total>
        <tag>
            <stat pass="0" fail="2" skip="0" info="combined" combined="NOT robot:exit">NOT robot:exit</stat>
            <stat pass="0" fail="5" skip="0">Regression</stat>
            <stat pass="0" fail="1" skip="0">smoke</stat>
        </tag>
        <suite>
            <stat pass="0" fail="6" skip="0" id="s1" name="XYZProject.TestcaseSuite">XYZProject.TestcaseSuite</stat>
            <stat pass="0" fail="1" skip="0" id="s1-s1"
                  name="TC001 - Tap on 'Privacy policy' and verify user is landing on Privacy policy page">
                XYZProject.TestcaseSuite.TC001 - Tap on 'Privacy policy' and verify user is landing on Privacy policy
                page
            </stat>
            <stat pass="0" fail="1" skip="0" id="s1-s2" name="TC002 - Verify that Deep link URL is providing QR code">
                XYZProject.TestcaseSuite.TC002 - Verify that Deep link URL is providing QR code
            </stat>
            <stat pass="0" fail="1" skip="0" id="s1-s3"
                  name="TC003 - Verify that Google Play button redirecting user to Vision Project on play store">
                XYZProject.TestcaseSuite.TC003 - Verify that Google Play button redirecting user to Vision Project on
                play store
            </stat>
            <stat pass="0" fail="1" skip="0" id="s1-s4"
                  name="TC004 - Verify that if social app is not installed on phone then App was not found screen appears">
                XYZProject.TestcaseSuite.TC004 - Verify that if social app is not installed on phone then App was not
                found screen appears
            </stat>
            <stat pass="0" fail="2" skip="0" id="s1-s5" name="TC005 - Verify welcome page journey is as excepted">
                XYZProject.TestcaseSuite.TC005 - Verify welcome page journey is as excepted
            </stat>
        </suite>
    </statistics>
    <errors>
        <msg timestamp="20230308 09:44:18.653" level="WARN">Retrying (Retry(total=2, connect=None, read=None,
            redirect=None, status=None)) after connection broken by 'ConnectTimeoutError(&lt;urllib3.connection.HTTPConnection
            object at 0x000001F31E95C5D0&gt;, 'Connection to 127.0.0.1 timed out. (connect timeout=1.0)')':
            /wd/hub/status
        </msg>
        <msg timestamp="20230308 09:44:42.008" level="WARN">Keyword 'Capture Page Screenshot' could not be run on
            failure: Multiple keywords with name 'Capture Page Screenshot' found. Give the full name of the keyword you
            want to use:
            MobileTestLibrary.Capture Page Screenshot
            WebApplicationTestLibrary.Capture Page Screenshot
        </msg>
        <msg timestamp="20230308 09:44:42.011" level="WARN">Keyword 'Capture Page Screenshot' could not be run on
            failure: Multiple keywords with name 'Capture Page Screenshot' found. Give the full name of the keyword you
            want to use:
            MobileTestLibrary.Capture Page Screenshot
            WebApplicationTestLibrary.Capture Page Screenshot
        </msg>
        <msg timestamp="20230308 09:44:46.743" level="WARN">Keyword 'Capture Page Screenshot' could not be run on
            failure: Message: no such window: target window already closed
            from unknown error: web view not found
            (Session info: chrome=110.0.5481.178)
            Stacktrace:
            Backtrace:
            (No symbol) [0x002737D3]
            (No symbol) [0x00208B81]
            (No symbol) [0x0010B36D]
            (No symbol) [0x000EE5DA]
            (No symbol) [0x0015F0CB]
            (No symbol) [0x00170A56]
            (No symbol) [0x0015B216]
            (No symbol) [0x00130D97]
            (No symbol) [0x0013253D]
            GetHandleVerifier [0x004EABF2+2510930]
            GetHandleVerifier [0x00518EC1+2700065]
            GetHandleVerifier [0x0051C86C+2714828]
            GetHandleVerifier [0x00323480+645344]
            (No symbol) [0x00210FD2]
            (No symbol) [0x00216C68]
            (No symbol) [0x00216D4B]
            (No symbol) [0x00220D6B]
            BaseThreadInitThunk [0x75AE00F9+25]
            RtlGetAppContainerNamedObjectPath [0x77567BBE+286]
            RtlGetAppContainerNamedObjectPath [0x77567B8E+238]
            (No symbol) [0x00000000]
        </msg>
        <msg timestamp="20230308 09:44:48.264" level="ERROR">When closing browser, received exception: Execution
            terminated by signal
        </msg>
    </errors>
</robot>
