<?xml version="1.0" encoding="UTF-8"?>
<robot generator="Robot 6.0.2 (Python 3.11.2 on win32)" generated="20230306 20:08:25.007" rpa="false" schemaversion="3">
    <suite id="s1" name="TC005 - Verify welcome page journey is as excepted"
           source="D:\FusionTestFramework\Com.XYZProject.Android\XYZProject.TestcaseSuite\TC005 - Verify welcome page journey is as excepted.robot">
        <kw name="Setup before suit start" library="Setup keywords" type="SETUP">
            <kw name="Start Appium Service" library="MobileTestLibrary">
                <status status="PASS" starttime="20230306 20:08:25.549" endtime="20230306 20:08:26.367"/>
            </kw>
            <status status="PASS" starttime="20230306 20:08:25.548" endtime="20230306 20:08:26.367"/>
        </kw>
        <test id="s1-t1" name="Verify that user is able to paste study link using Paste study link" line="11">
            <kw name="Launch Test application" library="Setup keywords" type="SETUP">
                <kw name="Open Application" library="MobileTestLibrary">
                    <arg>${remote_url}</arg>
                    <arg>&amp;{device}</arg>
                    <doc>Opens a new application to given Appium server.
                        Capabilities of appium server, Android and iOS,
                        Please check
                        https://github.com/appium/appium/blob/master/docs/en/writing-running-appium/server-args.md
                        | *Option* | *Man.* | *Description* |
                        | remote_url | Yes | Appium server url |
                        | alias | no | alias |
                        | strict_ssl | No | allows you to send commands to an invalid certificate host like a
                        self-signed one. |
                    </doc>
                    <status status="PASS" starttime="20230306 20:08:26.369" endtime="20230306 20:08:39.057"/>
                </kw>
                <kw name="Set Appium Timeout" library="MobileTestLibrary">
                    <arg>30</arg>
                    <doc>Sets the timeout in seconds used by various keywords.</doc>
                    <status status="PASS" starttime="20230306 20:08:39.058" endtime="20230306 20:08:39.058"/>
                </kw>
                <status status="PASS" starttime="20230306 20:08:26.369" endtime="20230306 20:08:39.058"/>
            </kw>
            <kw name="launch camera app and wait until user scan the QR code from study link url"
                library="launch_flow_keywords">
                <kw name="Start Activity" library="MobileTestLibrary">
                    <arg>com.google.android.GoogleCamera</arg>
                    <arg>com.android.camera.CameraLauncher</arg>
                    <doc>Opens an arbitrary activity during a test. If the activity belongs to
                        another application, that application is started and the activity is opened.
                    </doc>
                    <kw name="Capture Page Screenshot">
                        <msg timestamp="20230306 20:08:39.917" level="FAIL">Multiple keywords with name 'Capture Page
                            Screenshot' found. Give the full name of the keyword you want to use:
                            MobileTestLibrary.Capture Page Screenshot
                            WebApplicationTestLibrary.Capture Page Screenshot
                        </msg>
                        <status status="FAIL" starttime="20230306 20:08:39.915" endtime="20230306 20:08:39.920"/>
                    </kw>
                    <msg timestamp="20230306 20:08:39.930" level="WARN">Keyword 'Capture Page Screenshot' could not be
                        run on failure: Multiple keywords with name 'Capture Page Screenshot' found. Give the full name
                        of the keyword you want to use:
                        MobileTestLibrary.Capture Page Screenshot
                        WebApplicationTestLibrary.Capture Page Screenshot
                    </msg>
                    <kw name="Capture Page Screenshot">
                        <msg timestamp="20230306 20:08:39.933" level="FAIL">Multiple keywords with name 'Capture Page
                            Screenshot' found. Give the full name of the keyword you want to use:
                            MobileTestLibrary.Capture Page Screenshot
                            WebApplicationTestLibrary.Capture Page Screenshot
                        </msg>
                        <status status="FAIL" starttime="20230306 20:08:39.932" endtime="20230306 20:08:39.934"/>
                    </kw>
                    <msg timestamp="20230306 20:08:39.946" level="WARN">Keyword 'Capture Page Screenshot' could not be
                        run on failure: Multiple keywords with name 'Capture Page Screenshot' found. Give the full name
                        of the keyword you want to use:
                        MobileTestLibrary.Capture Page Screenshot
                        WebApplicationTestLibrary.Capture Page Screenshot
                    </msg>
                    <msg timestamp="20230306 20:08:39.948" level="FAIL">WebDriverException: Message: An unknown
                        server-side error occurred while processing the command. Original error: Cannot start the
                        'com.google.android.GoogleCamera' application. Visit
                        https://github.com/appium/appium/blob/master/docs/en/writing-running-appium/android/activity-startup.md
                        for troubleshooting. Original error: Cannot start the 'com.google.android.GoogleCamera'
                        application. Visit
                        https://github.com/appium/appium/blob/master/docs/en/writing-running-appium/android/activity-startup.md
                        for troubleshooting. Original error: Activity name '.com.android.camera.CameraLauncher' used to
                        start the app doesn't exist or cannot be launched! Make sure it exists and is a launchable
                        activity
                        Stacktrace:
                        UnknownError: An unknown server-side error occurred while processing the command. Original
                        error: Cannot start the 'com.google.android.GoogleCamera' application. Visit
                        https://github.com/appium/appium/blob/master/docs/en/writing-running-appium/android/activity-startup.md
                        for troubleshooting. Original error: Cannot start the 'com.google.android.GoogleCamera'
                        application. Visit
                        https://github.com/appium/appium/blob/master/docs/en/writing-running-appium/android/activity-startup.md
                        for troubleshooting. Original error: Activity name '.com.android.camera.CameraLauncher' used to
                        start the app doesn't exist or cannot be launched! Make sure it exists and is a launchable
                        activity
                        at getResponseForW3CError
                        (C:\Users\ZMO-WIN-ShrikantL-01\AppData\Roaming\npm\node_modules\appium\node_modules\appium-base-driver\lib\protocol\errors.js:804:9)
                        at asyncHandler
                        (C:\Users\ZMO-WIN-ShrikantL-01\AppData\Roaming\npm\node_modules\appium\node_modules\appium-base-driver\lib\protocol\protocol.js:380:37)
                    </msg>
                    <status status="FAIL" starttime="20230306 20:08:39.060" endtime="20230306 20:08:39.972"/>
                </kw>
                <kw name="Open Browser" library="WebApplicationTestLibrary">
                    <arg>${url}</arg>
                    <arg>${Browser}</arg>
                    <doc>Opens a new browser instance to the optional ``url``.</doc>
                    <status status="NOT RUN" starttime="20230306 20:08:39.973" endtime="20230306 20:08:39.974"/>
                </kw>
                <kw name="Maximize Browser Window" library="WebApplicationTestLibrary">
                    <doc>Maximizes current browser window.</doc>
                    <status status="NOT RUN" starttime="20230306 20:08:39.976" endtime="20230306 20:08:39.976"/>
                </kw>
                <status status="FAIL" starttime="20230306 20:08:39.059" endtime="20230306 20:08:39.978"/>
            </kw>
            <kw name="tap on generated link" library="launch_flow_keywords">
                <status status="NOT RUN" starttime="20230306 20:08:39.979" endtime="20230306 20:08:39.982"/>
            </kw>
            <kw name="tap on 'OPEN STUDY IN APP' button" library="launch_flow_keywords">
                <status status="NOT RUN" starttime="20230306 20:08:39.984" endtime="20230306 20:08:39.985"/>
            </kw>
            <kw name="verify link is pasted in textbox" library="launch_flow_keywords">
                <status status="NOT RUN" starttime="20230306 20:08:39.986" endtime="20230306 20:08:39.987"/>
            </kw>
            <kw name="Verify that user can start study by hitting Get Started button" library="launch_flow_keywords">
                <status status="NOT RUN" starttime="20230306 20:08:39.988" endtime="20230306 20:08:39.989"/>
            </kw>
            <kw name="close Test application" library="Setup keywords" type="TEARDOWN">
                <kw name="Run Keyword And Continue On Failure" library="BuiltIn">
                    <arg>MobileTestLibrary.Close Application</arg>
                    <doc>Runs the keyword and continues execution even if a failure occurs.</doc>
                    <kw name="Close Application" library="MobileTestLibrary">
                        <doc>Closes the current application and also close webdriver session.</doc>
                        <status status="PASS" starttime="20230306 20:08:39.992" endtime="20230306 20:08:40.755"/>
                    </kw>
                    <status status="PASS" starttime="20230306 20:08:39.991" endtime="20230306 20:08:40.756"/>
                </kw>
                <kw name="Run Keyword And Continue On Failure" library="BuiltIn">
                    <arg>WebApplicationTestLibrary.Close Browser</arg>
                    <doc>Runs the keyword and continues execution even if a failure occurs.</doc>
                    <kw name="Close Browser" library="WebApplicationTestLibrary">
                        <doc>Closes the current browser.</doc>
                        <status status="PASS" starttime="20230306 20:08:40.757" endtime="20230306 20:08:40.757"/>
                    </kw>
                    <status status="PASS" starttime="20230306 20:08:40.756" endtime="20230306 20:08:40.758"/>
                </kw>
<kw name="Run Keyword And Continue On Failure" library="BuiltIn">
<arg>WebApplicationTestLibrary.Close All Browsers</arg>
<doc>Runs the keyword and continues execution even if a failure occurs.</doc>
<kw name="Close All Browsers" library="WebApplicationTestLibrary">
<doc>Closes all open browsers and resets the browser cache.</doc>
    <status status="PASS" starttime="20230306 20:08:40.759" endtime="20230306 20:08:40.759"/>
</kw>
    <status status="PASS" starttime="20230306 20:08:40.758" endtime="20230306 20:08:40.759"/>
</kw>
                <kw name="Run Keyword And Continue On Failure" library="BuiltIn">
                    <arg>MobileTestLibrary.Close All Applications</arg>
                    <doc>Runs the keyword and continues execution even if a failure occurs.</doc>
                    <kw name="Close All Applications" library="MobileTestLibrary">
                        <doc>Closes all open applications.</doc>
                        <status status="PASS" starttime="20230306 20:08:40.760" endtime="20230306 20:08:40.767"/>
                    </kw>
                    <status status="PASS" starttime="20230306 20:08:40.760" endtime="20230306 20:08:40.768"/>
                </kw>
                <status status="PASS" starttime="20230306 20:08:39.990" endtime="20230306 20:08:40.768"/>
            </kw>
            <doc>Verification that user is able to paste study link using Paste study link</doc>
            <tag>Regression</tag>
            <status status="FAIL" starttime="20230306 20:08:26.367" endtime="20230306 20:08:40.768">WebDriverException:
                Message: An unknown server-side error occurred while processing the command. Original error: Cannot
                start the 'com.google.android.GoogleCamera' application. Visit
                https://github.com/appium/appium/blob/master/docs/en/writing-running-appium/android/activity-startup.md
                for troubleshooting. Original error: Cannot start the 'com.google.android.GoogleCamera' application.
                Visit
                https://github.com/appium/appium/blob/master/docs/en/writing-running-appium/android/activity-startup.md
                for troubleshooting. Original error: Activity name '.com.android.camera.CameraLauncher' used to start
                the app doesn't exist or cannot be launched! Make sure it exists and is a launchable activity
                Stacktrace:
                UnknownError: An unknown server-side error occurred while processing the command. Original error: Cannot
                start the 'com.google.android.GoogleCamera' application. Visit
                https://github.com/appium/appium/blob/master/docs/en/writing-running-appium/android/activity-startup.md
                for troubleshooting. Original error: Cannot start the 'com.google.android.GoogleCamera' application.
                Visit
                https://github.com/appium/appium/blob/master/docs/en/writing-running-appium/android/activity-startup.md
                for troubleshooting. Original error: Activity name '.com.android.camera.CameraLauncher' used to start
                the app doesn't exist or cannot be launched! Make sure it exists and is a launchable activity
                at getResponseForW3CError
                (C:\Users\ZMO-WIN-ShrikantL-01\AppData\Roaming\npm\node_modules\appium\node_modules\appium-base-driver\lib\protocol\errors.js:804:9)
                at asyncHandler
                (C:\Users\ZMO-WIN-ShrikantL-01\AppData\Roaming\npm\node_modules\appium\node_modules\appium-base-driver\lib\protocol\protocol.js:380:37)
            </status>
        </test>
<kw name="tearDown" library="Setup keywords" type="TEARDOWN">
<kw name="Stop Appium Service" library="MobileTestLibrary">
    <status status="PASS" starttime="20230306 20:08:40.772" endtime="20230306 20:08:40.773"/>
</kw>
    <status status="PASS" starttime="20230306 20:08:40.771" endtime="20230306 20:08:40.773"/>
</kw>
        <status status="FAIL" starttime="20230306 20:08:25.013" endtime="20230306 20:08:40.773"/>
</suite>
<statistics>
<total>
    <stat pass="0" fail="1" skip="0">All Tests</stat>
</total>
<tag>
    <stat pass="0" fail="1" skip="0">Regression</stat>
</tag>
<suite>
    <stat pass="0" fail="1" skip="0" id="s1" name="TC005 - Verify welcome page journey is as excepted">TC005 - Verify
        welcome page journey is as excepted
    </stat>
</suite>
</statistics>
    <errors>
        <msg timestamp="20230306 20:08:39.930" level="WARN">Keyword 'Capture Page Screenshot' could not be run on
            failure: Multiple keywords with name 'Capture Page Screenshot' found. Give the full name of the keyword you
            want to use:
            MobileTestLibrary.Capture Page Screenshot
            WebApplicationTestLibrary.Capture Page Screenshot
        </msg>
        <msg timestamp="20230306 20:08:39.946" level="WARN">Keyword 'Capture Page Screenshot' could not be run on
            failure: Multiple keywords with name 'Capture Page Screenshot' found. Give the full name of the keyword you
            want to use:
            MobileTestLibrary.Capture Page Screenshot
            WebApplicationTestLibrary.Capture Page Screenshot
        </msg>
    </errors>
</robot>
