<?xml version="1.0" encoding="UTF-8"?>
<robot generator="Robot 6.0.2 (Python 3.11.2 on win32)" generated="20230228 12:26:15.268" rpa="false" schemaversion="3">
<suite id="s1" name="VisionProject.Testsuite" source="D:\com.visionProject.android\Com.visionProject.Android\VisionProject.Testsuite">
<suite id="s1-s1" name="Verify that Deep link URL is providing QR code" source="D:\com.visionProject.android\Com.visionProject.Android\VisionProject.Testsuite\Verify that Deep link URL is providing QR code.robot">
<test id="s1-s1-t1" name="Verify that Deep link URL is providing QR code" line="13">
<kw name="Launch browser and input url" library="launch_app_browser_keywords">
<kw name="Open Browser" library="WebApplicationTestLibrary">
<arg>${Deeplink_url}</arg>
<arg>${Browser}</arg>
<doc>Opens a new browser instance to the optional ``url``.</doc>
<msg timestamp="20230228 12:26:15.648" level="INFO">Opening browser 'chrome' to base url 'https://social.vision-project.co/?studyID=d2563e38-04e4-4c06-8323-f8c4722040b0&amp;userID=Jai'.</msg>
<status status="PASS" starttime="20230228 12:26:15.648" endtime="20230228 12:26:23.678"/>
</kw>
<kw name="Maximize Browser Window" library="WebApplicationTestLibrary">
<doc>Maximizes current browser window.</doc>
<status status="PASS" starttime="20230228 12:26:23.678" endtime="20230228 12:26:23.812"/>
</kw>
<status status="PASS" starttime="20230228 12:26:15.647" endtime="20230228 12:26:23.813"/>
</kw>
<kw name="wait until QR code generated and validate QR code link details and log to console" library="QR_Code_page_keywords">
<kw name="Wait Until Page Contains" library="WebApplicationTestLibrary">
<arg>Study cannot be conducted here</arg>
<doc>Waits until ``text`` appears on the current page.</doc>
<status status="PASS" starttime="20230228 12:26:23.814" endtime="20230228 12:26:23.841"/>
</kw>
<kw name="Element Should Be Visible" library="WebApplicationTestLibrary">
<arg>${QR_Code}</arg>
<doc>Verifies that the element identified by ``locator`` is visible.</doc>
<msg timestamp="20230228 12:26:23.872" level="INFO">Element '//*[@viewBox='0 0 256 256']' is displayed.</msg>
<status status="PASS" starttime="20230228 12:26:23.842" endtime="20230228 12:26:23.872"/>
</kw>
<kw name="Capture Element Screenshot" library="WebApplicationTestLibrary">
<var>${captured_img}</var>
<arg>${QR_Code}</arg>
<doc>Captures a screenshot from the element identified by ``locator`` and embeds it into log file.</doc>
<msg timestamp="20230228 12:26:24.021" level="INFO" html="true">&lt;/td&gt;&lt;/tr&gt;&lt;tr&gt;&lt;td colspan="3"&gt;&lt;a href="selenium-element-screenshot-1.png"&gt;&lt;img src="selenium-element-screenshot-1.png" width="400px"&gt;&lt;/a&gt;</msg>
<msg timestamp="20230228 12:26:24.021" level="INFO">${captured_img} = D:\com.visionProject.android\Com.visionProject.Android\VisionProject.TestResults\28-02-23_12-26-15\selenium-element-screenshot-1.png</msg>
<status status="PASS" starttime="20230228 12:26:23.872" endtime="20230228 12:26:24.021"/>
</kw>
<kw name="Scan QR Code" library="WebApplicationTestLibrary">
<var>${QRCodedata}</var>
<arg>${captured_img}</arg>
<msg timestamp="20230228 12:26:24.307" level="INFO" html="true">&lt;/td&gt;&lt;/tr&gt;&lt;tr&gt;&lt;td colspan="3"&gt;&lt;a href="selenium-screenshot-1.png"&gt;&lt;img src="selenium-screenshot-1.png" width="800px"&gt;&lt;/a&gt;</msg>
<msg timestamp="20230228 12:26:24.307" level="FAIL">ModuleNotFoundError: No module named 'zxing'</msg>
<status status="FAIL" starttime="20230228 12:26:24.022" endtime="20230228 12:26:24.309"/>
</kw>
<kw name="Log To Console" library="BuiltIn">
<arg>${QRCodedata}</arg>
<doc>Logs the given message to the console.</doc>
<status status="NOT RUN" starttime="20230228 12:26:24.309" endtime="20230228 12:26:24.310"/>
</kw>
<status status="FAIL" starttime="20230228 12:26:23.813" endtime="20230228 12:26:24.310"/>
</kw>
<doc>verification of barcode generation of specified link</doc>
<tag>Regression</tag>
<status status="FAIL" starttime="20230228 12:26:15.647" endtime="20230228 12:26:24.310">ModuleNotFoundError: No module named 'zxing'</status>
</test>
<status status="FAIL" starttime="20230228 12:26:15.293" endtime="20230228 12:26:24.311"/>
</suite>
<suite id="s1-s2" name="Verify that Google Play button redirecting user to Vision Project on play store" source="D:\com.visionProject.android\Com.visionProject.Android\VisionProject.Testsuite\Verify that Google Play button redirecting user to Vision Project on play store.robot">
<test id="s1-s2-t1" name="Verify that Google Play button redirecting user to Vision Project on play store" line="14">
<kw name="Launch vision app" library="launch_app_browser_keywords">
<kw name="Start Appium Service" library="MobileTestLibrary">
<status status="PASS" starttime="20230228 12:26:24.323" endtime="20230228 12:26:31.229"/>
</kw>
<kw name="Sleep" library="BuiltIn">
<arg>5</arg>
<doc>Pauses the test executed for the given time.</doc>
<msg timestamp="20230228 12:26:36.230" level="INFO">Slept 5 seconds</msg>
<status status="PASS" starttime="20230228 12:26:31.229" endtime="20230228 12:26:36.230"/>
</kw>
<kw name="Start Emulator" library="MobileTestLibrary">
<arg>${Emualator_Name}</arg>
<msg timestamp="20230228 12:26:42.083" level="INFO">Starting emulator...
Started emulator...</msg>
<status status="PASS" starttime="20230228 12:26:36.231" endtime="20230228 12:26:42.083"/>
</kw>
<kw name="Sleep" library="BuiltIn">
<arg>5</arg>
<doc>Pauses the test executed for the given time.</doc>
<msg timestamp="20230228 12:26:47.084" level="INFO">Slept 5 seconds</msg>
<status status="PASS" starttime="20230228 12:26:42.083" endtime="20230228 12:26:47.084"/>
</kw>
<kw name="Open Application" library="AppiumLibrary">
<arg>${remote_url}</arg>
<arg>&amp;{device}</arg>
<doc>Opens a new application to given Appium server.
Capabilities of appium server, Android and iOS,
Please check https://github.com/appium/appium/blob/master/docs/en/writing-running-appium/server-args.md
| *Option*            | *Man.* | *Description*     |
| remote_url          | Yes    | Appium server url |
| alias               | no     | alias             |
| strict_ssl          | No     | allows you to send commands to an invalid certificate host like a self-signed one. |</doc>
<status status="PASS" starttime="20230228 12:26:47.084" endtime="20230228 12:26:59.848"/>
</kw>
<status status="PASS" starttime="20230228 12:26:24.323" endtime="20230228 12:26:59.848"/>
</kw>
<kw name="Open camera app" library="launch_flow_keywords">
<kw name="Start Activity" library="AppiumLibrary">
<arg>com.google.android.GoogleCamera</arg>
<arg>com.android.camera.CameraLauncher</arg>
<doc>Opens an arbitrary activity during a test. If the activity belongs to
another application, that application is started and the activity is opened.</doc>
<kw name="Capture Page Screenshot">
<msg timestamp="20230228 12:27:00.647" level="FAIL">Multiple keywords with name 'Capture Page Screenshot' found. Give the full name of the keyword you want to use:
    AppiumLibrary.Capture Page Screenshot
    WebApplicationTestLibrary.Capture Page Screenshot</msg>
<status status="FAIL" starttime="20230228 12:27:00.641" endtime="20230228 12:27:00.647"/>
</kw>
<msg timestamp="20230228 12:27:00.650" level="WARN">Keyword 'Capture Page Screenshot' could not be run on failure: Multiple keywords with name 'Capture Page Screenshot' found. Give the full name of the keyword you want to use:
    AppiumLibrary.Capture Page Screenshot
    WebApplicationTestLibrary.Capture Page Screenshot</msg>
<msg timestamp="20230228 12:27:00.651" level="FAIL">WebDriverException: Message: An unknown server-side error occurred while processing the command. Original error: Cannot start the 'com.google.android.GoogleCamera' application. Visit https://github.com/appium/appium/blob/master/docs/en/writing-running-appium/android/activity-startup.md for troubleshooting. Original error: Cannot start the 'com.google.android.GoogleCamera' application. Visit https://github.com/appium/appium/blob/master/docs/en/writing-running-appium/android/activity-startup.md for troubleshooting. Original error: Activity name '.com.android.camera.CameraLauncher' used to start the app doesn't exist or cannot be launched! Make sure it exists and is a launchable activity
Stacktrace:
UnknownError: An unknown server-side error occurred while processing the command. Original error: Cannot start the 'com.google.android.GoogleCamera' application. Visit https://github.com/appium/appium/blob/master/docs/en/writing-running-appium/android/activity-startup.md for troubleshooting. Original error: Cannot start the 'com.google.android.GoogleCamera' application. Visit https://github.com/appium/appium/blob/master/docs/en/writing-running-appium/android/activity-startup.md for troubleshooting. Original error: Activity name '.com.android.camera.CameraLauncher' used to start the app doesn't exist or cannot be launched! Make sure it exists and is a launchable activity
    at getResponseForW3CError (C:\Users\ZMO-WIN-ShrikantL-01\AppData\Roaming\npm\node_modules\appium\node_modules\appium-base-driver\lib\protocol\errors.js:804:9)
    at asyncHandler (C:\Users\ZMO-WIN-ShrikantL-01\AppData\Roaming\npm\node_modules\appium\node_modules\appium-base-driver\lib\protocol\protocol.js:380:37)</msg>
<status status="FAIL" starttime="20230228 12:26:59.849" endtime="20230228 12:27:00.662"/>
</kw>
<status status="FAIL" starttime="20230228 12:26:59.848" endtime="20230228 12:27:00.663"/>
</kw>
<kw name="wait until user scan the QR code from study link url" library="launch_flow_keywords">
<status status="NOT RUN" starttime="20230228 12:27:00.663" endtime="20230228 12:27:00.663"/>
</kw>
<kw name="tap on generated link" library="launch_flow_keywords">
<status status="NOT RUN" starttime="20230228 12:27:00.663" endtime="20230228 12:27:00.664"/>
</kw>
<kw name="tap on 'google play store' button" library="launch_flow_keywords">
<status status="NOT RUN" starttime="20230228 12:27:00.664" endtime="20230228 12:27:00.664"/>
</kw>
<kw name="verify user is landed on 'google playstore' on vision app page" library="launch_flow_keywords">
<status status="NOT RUN" starttime="20230228 12:27:00.664" endtime="20230228 12:27:00.664"/>
</kw>
<kw name="Verify that if the &quot;Need Help?&quot; button works" library="launch_flow_keywords">
<status status="NOT RUN" starttime="20230228 12:27:00.664" endtime="20230228 12:27:00.664"/>
</kw>
<kw name="close vision app" library="launch_app_browser_keywords">
<status status="NOT RUN" starttime="20230228 12:27:00.665" endtime="20230228 12:27:00.665"/>
</kw>
<doc>Verification that Google Play button redirecting user to Vision Project on play store</doc>
<tag>Regression</tag>
<status status="FAIL" starttime="20230228 12:26:24.323" endtime="20230228 12:27:00.665">WebDriverException: Message: An unknown server-side error occurred while processing the command. Original error: Cannot start the 'com.google.android.GoogleCamera' application. Visit https://github.com/appium/appium/blob/master/docs/en/writing-running-appium/android/activity-startup.md for troubleshooting. Original error: Cannot start the 'com.google.android.GoogleCamera' application. Visit https://github.com/appium/appium/blob/master/docs/en/writing-running-appium/android/activity-startup.md for troubleshooting. Original error: Activity name '.com.android.camera.CameraLauncher' used to start the app doesn't exist or cannot be launched! Make sure it exists and is a launchable activity
Stacktrace:
UnknownError: An unknown server-side error occurred while processing the command. Original error: Cannot start the 'com.google.android.GoogleCamera' application. Visit https://github.com/appium/appium/blob/master/docs/en/writing-running-appium/android/activity-startup.md for troubleshooting. Original error: Cannot start the 'com.google.android.GoogleCamera' application. Visit https://github.com/appium/appium/blob/master/docs/en/writing-running-appium/android/activity-startup.md for troubleshooting. Original error: Activity name '.com.android.camera.CameraLauncher' used to start the app doesn't exist or cannot be launched! Make sure it exists and is a launchable activity
    at getResponseForW3CError (C:\Users\ZMO-WIN-ShrikantL-01\AppData\Roaming\npm\node_modules\appium\node_modules\appium-base-driver\lib\protocol\errors.js:804:9)
    at asyncHandler (C:\Users\ZMO-WIN-ShrikantL-01\AppData\Roaming\npm\node_modules\appium\node_modules\appium-base-driver\lib\protocol\protocol.js:380:37)</status>
</test>
<test id="s1-s2-t2" name="Verify that user is able to paste study link using Paste study link" line="28">
<kw name="Launch vision app" library="launch_app_browser_keywords">
<kw name="Start Appium Service" library="MobileTestLibrary">
<status status="PASS" starttime="20230228 12:27:00.668" endtime="20230228 12:27:01.687"/>
</kw>
<kw name="Sleep" library="BuiltIn">
<arg>5</arg>
<doc>Pauses the test executed for the given time.</doc>
<msg timestamp="20230228 12:27:06.689" level="INFO">Slept 5 seconds</msg>
<status status="PASS" starttime="20230228 12:27:01.687" endtime="20230228 12:27:06.689"/>
</kw>
<kw name="Start Emulator" library="MobileTestLibrary">
<arg>${Emualator_Name}</arg>
<msg timestamp="20230228 12:27:06.874" level="INFO">Starting emulator...
Started emulator...</msg>
<status status="PASS" starttime="20230228 12:27:06.690" endtime="20230228 12:27:06.874"/>
</kw>
<kw name="Sleep" library="BuiltIn">
<arg>5</arg>
<doc>Pauses the test executed for the given time.</doc>
<msg timestamp="20230228 12:27:11.875" level="INFO">Slept 5 seconds</msg>
<status status="PASS" starttime="20230228 12:27:06.874" endtime="20230228 12:27:11.875"/>
</kw>
<kw name="Open Application" library="AppiumLibrary">
<arg>${remote_url}</arg>
<arg>&amp;{device}</arg>
<doc>Opens a new application to given Appium server.
Capabilities of appium server, Android and iOS,
Please check https://github.com/appium/appium/blob/master/docs/en/writing-running-appium/server-args.md
| *Option*            | *Man.* | *Description*     |
| remote_url          | Yes    | Appium server url |
| alias               | no     | alias             |
| strict_ssl          | No     | allows you to send commands to an invalid certificate host like a self-signed one. |</doc>
<status status="PASS" starttime="20230228 12:27:11.875" endtime="20230228 12:27:25.597"/>
</kw>
<status status="PASS" starttime="20230228 12:27:00.667" endtime="20230228 12:27:25.597"/>
</kw>
<kw name="Open camera app" library="launch_flow_keywords">
<kw name="Start Activity" library="AppiumLibrary">
<arg>com.google.android.GoogleCamera</arg>
<arg>com.android.camera.CameraLauncher</arg>
<doc>Opens an arbitrary activity during a test. If the activity belongs to
another application, that application is started and the activity is opened.</doc>
<kw name="Capture Page Screenshot">
<msg timestamp="20230228 12:27:26.421" level="FAIL">Multiple keywords with name 'Capture Page Screenshot' found. Give the full name of the keyword you want to use:
    AppiumLibrary.Capture Page Screenshot
    WebApplicationTestLibrary.Capture Page Screenshot</msg>
<status status="FAIL" starttime="20230228 12:27:26.421" endtime="20230228 12:27:26.421"/>
</kw>
<msg timestamp="20230228 12:27:26.422" level="WARN">Keyword 'Capture Page Screenshot' could not be run on failure: Multiple keywords with name 'Capture Page Screenshot' found. Give the full name of the keyword you want to use:
    AppiumLibrary.Capture Page Screenshot
    WebApplicationTestLibrary.Capture Page Screenshot</msg>
<msg timestamp="20230228 12:27:26.423" level="FAIL">WebDriverException: Message: An unknown server-side error occurred while processing the command. Original error: Cannot start the 'com.google.android.GoogleCamera' application. Visit https://github.com/appium/appium/blob/master/docs/en/writing-running-appium/android/activity-startup.md for troubleshooting. Original error: Cannot start the 'com.google.android.GoogleCamera' application. Visit https://github.com/appium/appium/blob/master/docs/en/writing-running-appium/android/activity-startup.md for troubleshooting. Original error: Activity name '.com.android.camera.CameraLauncher' used to start the app doesn't exist or cannot be launched! Make sure it exists and is a launchable activity
Stacktrace:
UnknownError: An unknown server-side error occurred while processing the command. Original error: Cannot start the 'com.google.android.GoogleCamera' application. Visit https://github.com/appium/appium/blob/master/docs/en/writing-running-appium/android/activity-startup.md for troubleshooting. Original error: Cannot start the 'com.google.android.GoogleCamera' application. Visit https://github.com/appium/appium/blob/master/docs/en/writing-running-appium/android/activity-startup.md for troubleshooting. Original error: Activity name '.com.android.camera.CameraLauncher' used to start the app doesn't exist or cannot be launched! Make sure it exists and is a launchable activity
    at getResponseForW3CError (C:\Users\ZMO-WIN-ShrikantL-01\AppData\Roaming\npm\node_modules\appium\node_modules\appium-base-driver\lib\protocol\errors.js:804:9)
    at asyncHandler (C:\Users\ZMO-WIN-ShrikantL-01\AppData\Roaming\npm\node_modules\appium\node_modules\appium-base-driver\lib\protocol\protocol.js:380:37)</msg>
<status status="FAIL" starttime="20230228 12:27:25.598" endtime="20230228 12:27:26.424"/>
</kw>
<status status="FAIL" starttime="20230228 12:27:25.598" endtime="20230228 12:27:26.424"/>
</kw>
<kw name="wait until user scan the QR code from study link url" library="launch_flow_keywords">
<status status="NOT RUN" starttime="20230228 12:27:26.424" endtime="20230228 12:27:26.424"/>
</kw>
<kw name="tap on generated link" library="launch_flow_keywords">
<status status="NOT RUN" starttime="20230228 12:27:26.424" endtime="20230228 12:27:26.425"/>
</kw>
<doc>Verification that user is able to paste study link using Paste study link</doc>
<tag>Regression</tag>
<status status="FAIL" starttime="20230228 12:27:00.666" endtime="20230228 12:27:26.425">WebDriverException: Message: An unknown server-side error occurred while processing the command. Original error: Cannot start the 'com.google.android.GoogleCamera' application. Visit https://github.com/appium/appium/blob/master/docs/en/writing-running-appium/android/activity-startup.md for troubleshooting. Original error: Cannot start the 'com.google.android.GoogleCamera' application. Visit https://github.com/appium/appium/blob/master/docs/en/writing-running-appium/android/activity-startup.md for troubleshooting. Original error: Activity name '.com.android.camera.CameraLauncher' used to start the app doesn't exist or cannot be launched! Make sure it exists and is a launchable activity
Stacktrace:
UnknownError: An unknown server-side error occurred while processing the command. Original error: Cannot start the 'com.google.android.GoogleCamera' application. Visit https://github.com/appium/appium/blob/master/docs/en/writing-running-appium/android/activity-startup.md for troubleshooting. Original error: Cannot start the 'com.google.android.GoogleCamera' application. Visit https://github.com/appium/appium/blob/master/docs/en/writing-running-appium/android/activity-startup.md for troubleshooting. Original error: Activity name '.com.android.camera.CameraLauncher' used to start the app doesn't exist or cannot be launched! Make sure it exists and is a launchable activity
    at getResponseForW3CError (C:\Users\ZMO-WIN-ShrikantL-01\AppData\Roaming\npm\node_modules\appium\node_modules\appium-base-driver\lib\protocol\errors.js:804:9)
    at asyncHandler (C:\Users\ZMO-WIN-ShrikantL-01\AppData\Roaming\npm\node_modules\appium\node_modules\appium-base-driver\lib\protocol\protocol.js:380:37)</status>
</test>
<status status="FAIL" starttime="20230228 12:26:24.312" endtime="20230228 12:27:26.425"/>
</suite>
<status status="FAIL" starttime="20230228 12:26:15.270" endtime="20230228 12:27:26.427"/>
</suite>
<statistics>
<total>
<stat pass="0" fail="3" skip="0">All Tests</stat>
</total>
<tag>
<stat pass="0" fail="3" skip="0">Regression</stat>
</tag>
<suite>
<stat pass="0" fail="3" skip="0" id="s1" name="VisionProject.Testsuite">VisionProject.Testsuite</stat>
<stat pass="0" fail="1" skip="0" id="s1-s1" name="Verify that Deep link URL is providing QR code">VisionProject.Testsuite.Verify that Deep link URL is providing QR code</stat>
<stat pass="0" fail="2" skip="0" id="s1-s2" name="Verify that Google Play button redirecting user to Vision Project on play store">VisionProject.Testsuite.Verify that Google Play button redirecting user to Vision Project on play store</stat>
</suite>
</statistics>
<errors>
<msg timestamp="20230228 12:27:00.650" level="WARN">Keyword 'Capture Page Screenshot' could not be run on failure: Multiple keywords with name 'Capture Page Screenshot' found. Give the full name of the keyword you want to use:
    AppiumLibrary.Capture Page Screenshot
    WebApplicationTestLibrary.Capture Page Screenshot</msg>
<msg timestamp="20230228 12:27:26.422" level="WARN">Keyword 'Capture Page Screenshot' could not be run on failure: Multiple keywords with name 'Capture Page Screenshot' found. Give the full name of the keyword you want to use:
    AppiumLibrary.Capture Page Screenshot
    WebApplicationTestLibrary.Capture Page Screenshot</msg>
</errors>
</robot>
