<?xml version="1.0" encoding="UTF-8"?>
<robot generator="Robot 6.0.2 (Python 3.11.2 on win32)" generated="20230301 12:46:33.810" rpa="false" schemaversion="3">
<suite id="s1" name="VisionProject.Testsuite" source="D:\com.visionProject.android\Com.visionProject.Android\VisionProject.Testsuite">
<suite id="s1-s1" name="Verify that Deep link URL is providing QR code" source="D:\com.visionProject.android\Com.visionProject.Android\VisionProject.Testsuite\Verify that Deep link URL is providing QR code.robot">
<test id="s1-s1-t1" name="Verify that Deep link URL is providing QR code" line="13">
<kw name="Launch browser and input url" library="Setup keywords">
<kw name="Open Browser" library="WebApplicationTestLibrary">
<arg>${url}</arg>
<arg>${Browser}</arg>
<doc>Opens a new browser instance to the optional ``url``.</doc>
<msg timestamp="20230301 12:46:34.265" level="INFO">Opening browser 'chrome' to base url 'https://social.vision-project.co/?studyID=d2563e38-04e4-4c06-8323-f8c4722040b0&amp;userID=Jai'.</msg>
<status status="PASS" starttime="20230301 12:46:34.265" endtime="20230301 12:46:38.157"/>
</kw>
<kw name="Maximize Browser Window" library="WebApplicationTestLibrary">
<doc>Maximizes current browser window.</doc>
<status status="PASS" starttime="20230301 12:46:38.157" endtime="20230301 12:46:38.285"/>
</kw>
<status status="PASS" starttime="20230301 12:46:34.265" endtime="20230301 12:46:38.286"/>
</kw>
<kw name="wait until QR code generated and validate QR code link details and log to console" library="QR_Code_page_keywords">
<kw name="Wait Until Page Contains" library="WebApplicationTestLibrary">
<arg>Study cannot be conducted here</arg>
<doc>Waits until ``text`` appears on the current page.</doc>
<status status="PASS" starttime="20230301 12:46:38.287" endtime="20230301 12:46:38.324"/>
</kw>
<kw name="Element Should Be Visible" library="WebApplicationTestLibrary">
<arg>${QR_Code}</arg>
<doc>Verifies that the element identified by ``locator`` is visible.</doc>
<msg timestamp="20230301 12:46:38.356" level="INFO">Element '//*[@viewBox='0 0 256 256']' is displayed.</msg>
<status status="PASS" starttime="20230301 12:46:38.324" endtime="20230301 12:46:38.356"/>
</kw>
<kw name="Capture Element Screenshot" library="WebApplicationTestLibrary">
<var>${captured_img}</var>
<arg>${QR_Code}</arg>
<doc>Captures a screenshot from the element identified by ``locator`` and embeds it into log file.</doc>
<msg timestamp="20230301 12:46:38.461" level="INFO" html="true">&lt;/td&gt;&lt;/tr&gt;&lt;tr&gt;&lt;td colspan="3"&gt;&lt;a href="selenium-element-screenshot-1.png"&gt;&lt;img src="selenium-element-screenshot-1.png" width="400px"&gt;&lt;/a&gt;</msg>
<msg timestamp="20230301 12:46:38.461" level="INFO">${captured_img} = D:\com.visionProject.android\Com.visionProject.Android\VisionProject.TestResults\01-03-23_12-46-33\selenium-element-screenshot-1.png</msg>
<status status="PASS" starttime="20230301 12:46:38.356" endtime="20230301 12:46:38.461"/>
</kw>
<kw name="Scan QR Code" library="WebApplicationTestLibrary">
<var>${QRCodedata}</var>
<arg>${captured_img}</arg>
<msg timestamp="20230301 12:46:39.015" level="INFO">3.4.1 (3, 4, 1)</msg>
<msg timestamp="20230301 12:46:39.015" level="INFO">${QRCodedata} = BarCode(raw='https://social.vision-project.co/?studyID=d2563e38-04e4-4c06-8323-f8c4722040b0&amp;userID=Jai', parsed='https://social.vision-project.co/?studyID=d2563e38-04e4-4c06-8323-f8c4722040b0&amp;userID=J...</msg>
<status status="PASS" starttime="20230301 12:46:38.461" endtime="20230301 12:46:39.015"/>
</kw>
<kw name="Log To Console" library="BuiltIn">
<arg>${QRCodedata}</arg>
<doc>Logs the given message to the console.</doc>
<status status="PASS" starttime="20230301 12:46:39.015" endtime="20230301 12:46:39.015"/>
</kw>
<status status="PASS" starttime="20230301 12:46:38.286" endtime="20230301 12:46:39.015"/>
</kw>
<doc>verification of barcode generation of specified link</doc>
<tag>Regression</tag>
<status status="PASS" starttime="20230301 12:46:34.264" endtime="20230301 12:46:39.015"/>
</test>
<status status="PASS" starttime="20230301 12:46:33.833" endtime="20230301 12:46:39.016"/>
</suite>
<suite id="s1-s2" name="Verify that Google Play button redirecting user to Vision Project on play store" source="D:\com.visionProject.android\Com.visionProject.Android\VisionProject.Testsuite\Verify that Google Play button redirecting user to Vision Project on play store.robot">
<kw name="Setup before suit start" library="Setup keywords" type="SETUP">
<kw name="Start Emulator" library="MobileTestLibrary">
<arg>${Emualator_Name}</arg>
<arg>${device_Type}</arg>
<msg timestamp="20230301 12:46:39.024" level="INFO">Testing started</msg>
<status status="PASS" starttime="20230301 12:46:39.024" endtime="20230301 12:46:39.024"/>
</kw>
<kw name="Sleep" library="BuiltIn">
<arg>1</arg>
<doc>Pauses the test executed for the given time.</doc>
<msg timestamp="20230301 12:46:40.024" level="INFO">Slept 1 second</msg>
<status status="PASS" starttime="20230301 12:46:39.024" endtime="20230301 12:46:40.024"/>
</kw>
<kw name="Start Appium Service" library="MobileTestLibrary">
<status status="PASS" starttime="20230301 12:46:40.024" endtime="20230301 12:46:40.849"/>
</kw>
<kw name="Sleep" library="BuiltIn">
<arg>1</arg>
<doc>Pauses the test executed for the given time.</doc>
<msg timestamp="20230301 12:46:41.850" level="INFO">Slept 1 second</msg>
<status status="PASS" starttime="20230301 12:46:40.849" endtime="20230301 12:46:41.850"/>
</kw>
<status status="PASS" starttime="20230301 12:46:39.024" endtime="20230301 12:46:41.850"/>
</kw>
<test id="s1-s2-t1" name="Verify that Google Play button redirecting user to Vision Project on play store" line="14">
<kw name="Launch application" library="Setup keywords" type="SETUP">
<kw name="Open Application" library="AppiumLibrary">
<arg>${remote_url}</arg>
<arg>&amp;{device}</arg>
<doc>Opens a new application to given Appium server.
Capabilities of appium server, Android and iOS,
Please check https://github.com/appium/appium/blob/master/docs/en/writing-running-appium/server-args.md
| *Option*            | *Man.* | *Description*     |
| remote_url          | Yes    | Appium server url |
| alias               | no     | alias             |
| strict_ssl          | No     | allows you to send commands to an invalid certificate host like a self-signed one. |</doc>
<kw name="Capture Page Screenshot">
<msg timestamp="20230301 12:46:52.158" level="FAIL">Multiple keywords with name 'Capture Page Screenshot' found. Give the full name of the keyword you want to use:
    AppiumLibrary.Capture Page Screenshot
    WebApplicationTestLibrary.Capture Page Screenshot</msg>
<status status="FAIL" starttime="20230301 12:46:52.158" endtime="20230301 12:46:52.158"/>
</kw>
<msg timestamp="20230301 12:46:52.165" level="WARN">Keyword 'Capture Page Screenshot' could not be run on failure: Multiple keywords with name 'Capture Page Screenshot' found. Give the full name of the keyword you want to use:
    AppiumLibrary.Capture Page Screenshot
    WebApplicationTestLibrary.Capture Page Screenshot</msg>
<msg timestamp="20230301 12:46:52.165" level="FAIL">WebDriverException: Message: No such context found.
Stacktrace:
NoSuchContextError: No such context found.
    at AndroidUiautomator2Driver.setContext (C:\Users\ZMO-WIN-ShrikantL-01\AppData\Roaming\npm\node_modules\appium\node_modules\appium-android-driver\lib\commands\context.js:51:11)
    at wrapped (C:\Users\ZMO-WIN-ShrikantL-01\AppData\Roaming\npm\node_modules\appium\node_modules\asyncbox\lib\asyncbox.js:60:13)
    at retry (C:\Users\ZMO-WIN-ShrikantL-01\AppData\Roaming\npm\node_modules\appium\node_modules\asyncbox\lib\asyncbox.js:43:13)
    at retryInterval (C:\Users\ZMO-WIN-ShrikantL-01\AppData\Roaming\npm\node_modules\appium\node_modules\asyncbox\lib\asyncbox.js:70:10)
    at AndroidUiautomator2Driver.startUiAutomator2Session (C:\Users\ZMO-WIN-ShrikantL-01\AppData\Roaming\npm\node_modules\appium\node_modules\appium-uiautomator2-driver\lib\driver.js:446:7)
    at AndroidUiautomator2Driver.createSession (C:\Users\ZMO-WIN-ShrikantL-01\AppData\Roaming\npm\node_modules\appium\node_modules\appium-uiautomator2-driver\lib\driver.js:229:7)
    at AppiumDriver.createSession (C:\Users\ZMO-WIN-ShrikantL-01\AppData\Roaming\npm\node_modules\appium\lib\appium.js:387:35)</msg>
<status status="FAIL" starttime="20230301 12:46:41.851" endtime="20230301 12:46:52.174"/>
</kw>
<status status="FAIL" starttime="20230301 12:46:41.851" endtime="20230301 12:46:52.175"/>
</kw>
<kw name="close application" library="Setup keywords" type="TEARDOWN">
<kw name="Close Application" library="AppiumLibrary">
<doc>Closes the current application and also close webdriver session.</doc>
<kw name="Capture Page Screenshot">
<msg timestamp="20230301 12:46:52.176" level="FAIL">Multiple keywords with name 'Capture Page Screenshot' found. Give the full name of the keyword you want to use:
    AppiumLibrary.Capture Page Screenshot
    WebApplicationTestLibrary.Capture Page Screenshot</msg>
<status status="FAIL" starttime="20230301 12:46:52.176" endtime="20230301 12:46:52.176"/>
</kw>
<msg timestamp="20230301 12:46:52.178" level="WARN">Keyword 'Capture Page Screenshot' could not be run on failure: Multiple keywords with name 'Capture Page Screenshot' found. Give the full name of the keyword you want to use:
    AppiumLibrary.Capture Page Screenshot
    WebApplicationTestLibrary.Capture Page Screenshot</msg>
<msg timestamp="20230301 12:46:52.180" level="FAIL">No application is open</msg>
<status status="FAIL" starttime="20230301 12:46:52.176" endtime="20230301 12:46:52.180"/>
</kw>
<kw name="Close Browser" library="WebApplicationTestLibrary">
<doc>Closes the current browser.</doc>
<status status="PASS" starttime="20230301 12:46:52.180" endtime="20230301 12:46:52.180"/>
</kw>
<kw name="Close All Browsers" library="WebApplicationTestLibrary">
<doc>Closes all open browsers and resets the browser cache.</doc>
<status status="PASS" starttime="20230301 12:46:52.180" endtime="20230301 12:46:52.181"/>
</kw>
<kw name="Close All Applications" library="AppiumLibrary">
<doc>Closes all open applications.</doc>
<status status="PASS" starttime="20230301 12:46:52.181" endtime="20230301 12:46:52.182"/>
</kw>
<status status="FAIL" starttime="20230301 12:46:52.175" endtime="20230301 12:46:52.182">No application is open</status>
</kw>
<doc>Verification that Google Play button redirecting user to Vision Project on play store</doc>
<tag>Regression</tag>
<status status="FAIL" starttime="20230301 12:46:41.850" endtime="20230301 12:46:52.182">Setup failed:
WebDriverException: Message: No such context found.
Stacktrace:
NoSuchContextError: No such context found.
    at AndroidUiautomator2Driver.setContext (C:\Users\ZMO-WIN-ShrikantL-01\AppData\Roaming\npm\node_modules\appium\node_modules\appium-android-driver\lib\commands\context.js:51:11)
    at wrapped (C:\Users\ZMO-WIN-ShrikantL-01\AppData\Roaming\npm\node_modules\appium\node_modules\asyncbox\lib\asyncbox.js:60:13)
    at retry (C:\Users\ZMO-WIN-ShrikantL-01\AppData\Roaming\npm\node_modules\appium\node_modules\asyncbox\lib\asyncbox.js:43:13)
    at retryInterval (C:\Users\ZMO-WIN-ShrikantL-01\AppData\Roaming\npm\node_modules\appium\node_modules\asyncbox\lib\asyncbox.js:70:10)
    at AndroidUiautomator2Driver.startUiAutomator2Session (C:\Users\ZMO-WIN-ShrikantL-01\AppData\Roaming\npm\node_modules\appium\node_modules\appium-uiautomator2-driver\lib\driver.js:446:7)
    at AndroidUiautomator2Driver.createSession (C:\Users\ZMO-WIN-ShrikantL-01\AppData\Roaming\npm\node_modules\appium\node_modules\appium-uiautomator2-driver\lib\driver.js:229:7)
    at AppiumDriver.createSession (C:\Users\ZMO-WIN-ShrikantL-01\AppData\Roaming\npm\node_modules\appium\lib\appium.js:387:35)

Also teardown failed:
No application is open</status>
</test>
<test id="s1-s2-t2" name="Verify that user is able to paste study link using Paste study link" line="27">
<kw name="Launch application" library="Setup keywords" type="SETUP">
<kw name="Open Application" library="AppiumLibrary">
<arg>${remote_url}</arg>
<arg>&amp;{device}</arg>
<doc>Opens a new application to given Appium server.
Capabilities of appium server, Android and iOS,
Please check https://github.com/appium/appium/blob/master/docs/en/writing-running-appium/server-args.md
| *Option*            | *Man.* | *Description*     |
| remote_url          | Yes    | Appium server url |
| alias               | no     | alias             |
| strict_ssl          | No     | allows you to send commands to an invalid certificate host like a self-signed one. |</doc>
<kw name="Capture Page Screenshot">
<msg timestamp="20230301 12:47:02.444" level="FAIL">Multiple keywords with name 'Capture Page Screenshot' found. Give the full name of the keyword you want to use:
    AppiumLibrary.Capture Page Screenshot
    WebApplicationTestLibrary.Capture Page Screenshot</msg>
<status status="FAIL" starttime="20230301 12:47:02.443" endtime="20230301 12:47:02.445"/>
</kw>
<msg timestamp="20230301 12:47:02.448" level="WARN">Keyword 'Capture Page Screenshot' could not be run on failure: Multiple keywords with name 'Capture Page Screenshot' found. Give the full name of the keyword you want to use:
    AppiumLibrary.Capture Page Screenshot
    WebApplicationTestLibrary.Capture Page Screenshot</msg>
<msg timestamp="20230301 12:47:02.449" level="FAIL">WebDriverException: Message: No such context found.
Stacktrace:
NoSuchContextError: No such context found.
    at AndroidUiautomator2Driver.setContext (C:\Users\ZMO-WIN-ShrikantL-01\AppData\Roaming\npm\node_modules\appium\node_modules\appium-android-driver\lib\commands\context.js:51:11)
    at wrapped (C:\Users\ZMO-WIN-ShrikantL-01\AppData\Roaming\npm\node_modules\appium\node_modules\asyncbox\lib\asyncbox.js:60:13)
    at retry (C:\Users\ZMO-WIN-ShrikantL-01\AppData\Roaming\npm\node_modules\appium\node_modules\asyncbox\lib\asyncbox.js:43:13)
    at retryInterval (C:\Users\ZMO-WIN-ShrikantL-01\AppData\Roaming\npm\node_modules\appium\node_modules\asyncbox\lib\asyncbox.js:70:10)
    at AndroidUiautomator2Driver.startUiAutomator2Session (C:\Users\ZMO-WIN-ShrikantL-01\AppData\Roaming\npm\node_modules\appium\node_modules\appium-uiautomator2-driver\lib\driver.js:446:7)
    at AndroidUiautomator2Driver.createSession (C:\Users\ZMO-WIN-ShrikantL-01\AppData\Roaming\npm\node_modules\appium\node_modules\appium-uiautomator2-driver\lib\driver.js:229:7)
    at AppiumDriver.createSession (C:\Users\ZMO-WIN-ShrikantL-01\AppData\Roaming\npm\node_modules\appium\lib\appium.js:387:35)</msg>
<status status="FAIL" starttime="20230301 12:46:52.184" endtime="20230301 12:47:02.452"/>
</kw>
<status status="FAIL" starttime="20230301 12:46:52.184" endtime="20230301 12:47:02.452"/>
</kw>
<kw name="close application" library="Setup keywords" type="TEARDOWN">
<kw name="Close Application" library="AppiumLibrary">
<doc>Closes the current application and also close webdriver session.</doc>
<kw name="Capture Page Screenshot">
<msg timestamp="20230301 12:47:02.453" level="FAIL">Multiple keywords with name 'Capture Page Screenshot' found. Give the full name of the keyword you want to use:
    AppiumLibrary.Capture Page Screenshot
    WebApplicationTestLibrary.Capture Page Screenshot</msg>
<status status="FAIL" starttime="20230301 12:47:02.453" endtime="20230301 12:47:02.453"/>
</kw>
<msg timestamp="20230301 12:47:02.456" level="WARN">Keyword 'Capture Page Screenshot' could not be run on failure: Multiple keywords with name 'Capture Page Screenshot' found. Give the full name of the keyword you want to use:
    AppiumLibrary.Capture Page Screenshot
    WebApplicationTestLibrary.Capture Page Screenshot</msg>
<msg timestamp="20230301 12:47:02.456" level="FAIL">No application is open</msg>
<status status="FAIL" starttime="20230301 12:47:02.452" endtime="20230301 12:47:02.458"/>
</kw>
<kw name="Close Browser" library="WebApplicationTestLibrary">
<doc>Closes the current browser.</doc>
<status status="PASS" starttime="20230301 12:47:02.458" endtime="20230301 12:47:02.458"/>
</kw>
<kw name="Close All Browsers" library="WebApplicationTestLibrary">
<doc>Closes all open browsers and resets the browser cache.</doc>
<status status="PASS" starttime="20230301 12:47:02.458" endtime="20230301 12:47:02.459"/>
</kw>
<kw name="Close All Applications" library="AppiumLibrary">
<doc>Closes all open applications.</doc>
<status status="PASS" starttime="20230301 12:47:02.459" endtime="20230301 12:47:02.461"/>
</kw>
<status status="FAIL" starttime="20230301 12:47:02.452" endtime="20230301 12:47:02.462">No application is open</status>
</kw>
<doc>Verification that user is able to paste study link using Paste study link</doc>
<tag>Regression</tag>
<status status="FAIL" starttime="20230301 12:46:52.184" endtime="20230301 12:47:02.462">Setup failed:
WebDriverException: Message: No such context found.
Stacktrace:
NoSuchContextError: No such context found.
    at AndroidUiautomator2Driver.setContext (C:\Users\ZMO-WIN-ShrikantL-01\AppData\Roaming\npm\node_modules\appium\node_modules\appium-android-driver\lib\commands\context.js:51:11)
    at wrapped (C:\Users\ZMO-WIN-ShrikantL-01\AppData\Roaming\npm\node_modules\appium\node_modules\asyncbox\lib\asyncbox.js:60:13)
    at retry (C:\Users\ZMO-WIN-ShrikantL-01\AppData\Roaming\npm\node_modules\appium\node_modules\asyncbox\lib\asyncbox.js:43:13)
    at retryInterval (C:\Users\ZMO-WIN-ShrikantL-01\AppData\Roaming\npm\node_modules\appium\node_modules\asyncbox\lib\asyncbox.js:70:10)
    at AndroidUiautomator2Driver.startUiAutomator2Session (C:\Users\ZMO-WIN-ShrikantL-01\AppData\Roaming\npm\node_modules\appium\node_modules\appium-uiautomator2-driver\lib\driver.js:446:7)
    at AndroidUiautomator2Driver.createSession (C:\Users\ZMO-WIN-ShrikantL-01\AppData\Roaming\npm\node_modules\appium\node_modules\appium-uiautomator2-driver\lib\driver.js:229:7)
    at AppiumDriver.createSession (C:\Users\ZMO-WIN-ShrikantL-01\AppData\Roaming\npm\node_modules\appium\lib\appium.js:387:35)

Also teardown failed:
No application is open</status>
</test>
<kw name="tearDown" library="Setup keywords" type="TEARDOWN">
<kw name="Stop Emulator" library="MobileTestLibrary">
<msg timestamp="20230301 12:47:19.562" level="INFO">closing emulator...
emulator closed successfully...</msg>
<status status="PASS" starttime="20230301 12:47:02.463" endtime="20230301 12:47:19.562"/>
</kw>
<kw name="Sleep" library="BuiltIn">
<arg>1</arg>
<doc>Pauses the test executed for the given time.</doc>
<msg timestamp="20230301 12:47:20.564" level="INFO">Slept 1 second</msg>
<status status="PASS" starttime="20230301 12:47:19.563" endtime="20230301 12:47:20.564"/>
</kw>
<kw name="Stop Appium Service" library="MobileTestLibrary">
<status status="PASS" starttime="20230301 12:47:20.564" endtime="20230301 12:47:20.564"/>
</kw>
<status status="PASS" starttime="20230301 12:47:02.462" endtime="20230301 12:47:20.564"/>
</kw>
<status status="FAIL" starttime="20230301 12:46:39.017" endtime="20230301 12:47:20.564"/>
</suite>
<status status="FAIL" starttime="20230301 12:46:33.812" endtime="20230301 12:47:20.565"/>
</suite>
<statistics>
<total>
<stat pass="1" fail="2" skip="0">All Tests</stat>
</total>
<tag>
<stat pass="1" fail="2" skip="0">Regression</stat>
</tag>
<suite>
<stat pass="1" fail="2" skip="0" id="s1" name="VisionProject.Testsuite">VisionProject.Testsuite</stat>
<stat pass="1" fail="0" skip="0" id="s1-s1" name="Verify that Deep link URL is providing QR code">VisionProject.Testsuite.Verify that Deep link URL is providing QR code</stat>
<stat pass="0" fail="2" skip="0" id="s1-s2" name="Verify that Google Play button redirecting user to Vision Project on play store">VisionProject.Testsuite.Verify that Google Play button redirecting user to Vision Project on play store</stat>
</suite>
</statistics>
<errors>
<msg timestamp="20230301 12:46:52.165" level="WARN">Keyword 'Capture Page Screenshot' could not be run on failure: Multiple keywords with name 'Capture Page Screenshot' found. Give the full name of the keyword you want to use:
    AppiumLibrary.Capture Page Screenshot
    WebApplicationTestLibrary.Capture Page Screenshot</msg>
<msg timestamp="20230301 12:46:52.178" level="WARN">Keyword 'Capture Page Screenshot' could not be run on failure: Multiple keywords with name 'Capture Page Screenshot' found. Give the full name of the keyword you want to use:
    AppiumLibrary.Capture Page Screenshot
    WebApplicationTestLibrary.Capture Page Screenshot</msg>
<msg timestamp="20230301 12:47:02.448" level="WARN">Keyword 'Capture Page Screenshot' could not be run on failure: Multiple keywords with name 'Capture Page Screenshot' found. Give the full name of the keyword you want to use:
    AppiumLibrary.Capture Page Screenshot
    WebApplicationTestLibrary.Capture Page Screenshot</msg>
<msg timestamp="20230301 12:47:02.456" level="WARN">Keyword 'Capture Page Screenshot' could not be run on failure: Multiple keywords with name 'Capture Page Screenshot' found. Give the full name of the keyword you want to use:
    AppiumLibrary.Capture Page Screenshot
    WebApplicationTestLibrary.Capture Page Screenshot</msg>
</errors>
</robot>
