<?xml version="1.0" encoding="UTF-8"?>
<robot generator="Robot 6.0.2 (Python 3.11.2 on win32)" generated="20230227 21:48:18.870" rpa="false" schemaversion="3">
<suite id="s1" name="VisionProject.Testsuite" source="D:\com.visionProject.android\Com.visionProject.Android\VisionProject.Testsuite">
<suite id="s1-s1" name="Sample" source="D:\com.visionProject.android\Com.visionProject.Android\VisionProject.Testsuite\sample.robot">
<test id="s1-s1-t1" name="Testcase 001" line="5">
<kw name="sample" library="launch_app_browser_keywords">
<kw name="Start Appium Service" library="MobileTestLibrary">
<status status="PASS" starttime="20230227 21:48:19.330" endtime="20230227 21:48:20.161"/>
</kw>
<kw name="Open Application" library="MobileTestLibrary">
<arg>${remote_url}</arg>
<arg>&amp;{Pixel_Emulator}</arg>
<doc>Opens a new application to given Appium server.
Capabilities of appium server, Android and iOS,
Please check https://github.com/appium/appium/blob/master/docs/en/writing-running-appium/server-args.md
| *Option*            | *Man.* | *Description*     |
| remote_url          | Yes    | Appium server url |
| alias               | no     | alias             |
| strict_ssl          | No     | allows you to send commands to an invalid certificate host like a self-signed one. |</doc>
<msg timestamp="20230227 21:48:24.896" level="FAIL">WebDriverException: Message: An unknown server-side error occurred while processing the command. Original error: 'app' option is required for reinstall
Stacktrace:
UnknownError: An unknown server-side error occurred while processing the command. Original error: 'app' option is required for reinstall
    at getResponseForW3CError (C:\Users\ZMO-WIN-ShrikantL-01\AppData\Roaming\npm\node_modules\appium\node_modules\appium-base-driver\lib\protocol\errors.js:804:9)
    at asyncHandler (C:\Users\ZMO-WIN-ShrikantL-01\AppData\Roaming\npm\node_modules\appium\node_modules\appium-base-driver\lib\protocol\protocol.js:380:37)</msg>
<status status="FAIL" starttime="20230227 21:48:20.162" endtime="20230227 21:48:24.918"/>
</kw>
<kw name="Start Activity" library="MobileTestLibrary">
<arg>com.android.chrome</arg>
<arg>com.google.android.apps.chrome.Main</arg>
<doc>Opens an arbitrary activity during a test. If the activity belongs to
another application, that application is started and the activity is opened.</doc>
<status status="NOT RUN" starttime="20230227 21:48:24.919" endtime="20230227 21:48:24.919"/>
</kw>
<kw name="Wait Until Element Is Visible" library="MobileTestLibrary">
<arg>com.android.chrome:id/search_box_text</arg>
<arg>timeout=20</arg>
<doc>Waits until element specified with `locator` is visible.</doc>
<status status="NOT RUN" starttime="20230227 21:48:24.919" endtime="20230227 21:48:24.920"/>
</kw>
<kw name="Input Text" library="MobileTestLibrary">
<arg>com.android.chrome:id/search_box_text</arg>
<arg>${Deeplink_url}</arg>
<doc>Types the given `text` into text field identified by `locator`.</doc>
<status status="NOT RUN" starttime="20230227 21:48:24.920" endtime="20230227 21:48:24.920"/>
</kw>
<kw name="Press Enter Key" library="MobileTestLibrary">
<status status="NOT RUN" starttime="20230227 21:48:24.921" endtime="20230227 21:48:24.921"/>
</kw>
<kw name="Close Application" library="MobileTestLibrary">
<doc>Closes the current application and also close webdriver session.</doc>
<status status="NOT RUN" starttime="20230227 21:48:24.922" endtime="20230227 21:48:24.922"/>
</kw>
<status status="FAIL" starttime="20230227 21:48:19.330" endtime="20230227 21:48:24.923"/>
</kw>
<status status="FAIL" starttime="20230227 21:48:19.329" endtime="20230227 21:48:24.923">WebDriverException: Message: An unknown server-side error occurred while processing the command. Original error: 'app' option is required for reinstall
Stacktrace:
UnknownError: An unknown server-side error occurred while processing the command. Original error: 'app' option is required for reinstall
    at getResponseForW3CError (C:\Users\ZMO-WIN-ShrikantL-01\AppData\Roaming\npm\node_modules\appium\node_modules\appium-base-driver\lib\protocol\errors.js:804:9)
    at asyncHandler (C:\Users\ZMO-WIN-ShrikantL-01\AppData\Roaming\npm\node_modules\appium\node_modules\appium-base-driver\lib\protocol\protocol.js:380:37)</status>
</test>
<status status="FAIL" starttime="20230227 21:48:18.899" endtime="20230227 21:48:24.925"/>
</suite>
<suite id="s1-s2" name="Verify that Deep link URL is providing QR code" source="D:\com.visionProject.android\Com.visionProject.Android\VisionProject.Testsuite\Verify_that_Deep_link_URL_is_providing_QR code.robot">
<test id="s1-s2-t1" name="Verify that Deep link URL is providing QR code" line="13">
<kw name="Launch browser and input url" library="launch_app_browser_keywords">
<kw name="Open Browser" library="WebApplicationTestLibrary">
<arg>${Deeplink_url}</arg>
<arg>${Browser}</arg>
<doc>Opens a new browser instance to the optional ``url``.</doc>
<msg timestamp="20230227 21:48:24.963" level="INFO">Opening browser 'chrome' to base url 'https://social.vision-project.co/?studyID=d2563e38-04e4-4c06-8323-f8c4722040b0&amp;userID=Jai'.</msg>
<status status="PASS" starttime="20230227 21:48:24.962" endtime="20230227 21:48:30.062"/>
</kw>
<kw name="Maximize Browser Window" library="WebApplicationTestLibrary">
<doc>Maximizes current browser window.</doc>
<status status="PASS" starttime="20230227 21:48:30.063" endtime="20230227 21:48:30.195"/>
</kw>
<status status="PASS" starttime="20230227 21:48:24.962" endtime="20230227 21:48:30.196"/>
</kw>
<kw name="wait until QR code generated and validate QR code link details and log to console" library="QR_Code_page_keywords">
<kw name="Wait Until Page Contains" library="WebApplicationTestLibrary">
<arg>Study cannot be conducted here</arg>
<doc>Waits until ``text`` appears on the current page.</doc>
<status status="PASS" starttime="20230227 21:48:30.197" endtime="20230227 21:48:30.219"/>
</kw>
<kw name="Element Should Be Visible" library="WebApplicationTestLibrary">
<arg>${QR_Code}</arg>
<doc>Verifies that the element identified by ``locator`` is visible.</doc>
<msg timestamp="20230227 21:48:30.256" level="INFO">Element '//*[@viewBox='0 0 256 256']' is displayed.</msg>
<status status="PASS" starttime="20230227 21:48:30.219" endtime="20230227 21:48:30.256"/>
</kw>
<kw name="Capture Element Screenshot" library="WebApplicationTestLibrary">
<var>${captured_img}</var>
<arg>${QR_Code}</arg>
<doc>Captures a screenshot from the element identified by ``locator`` and embeds it into log file.</doc>
<msg timestamp="20230227 21:48:30.391" level="INFO" html="true">&lt;/td&gt;&lt;/tr&gt;&lt;tr&gt;&lt;td colspan="3"&gt;&lt;a href="selenium-element-screenshot-1.png"&gt;&lt;img src="selenium-element-screenshot-1.png" width="400px"&gt;&lt;/a&gt;</msg>
<msg timestamp="20230227 21:48:30.391" level="INFO">${captured_img} = D:\com.visionProject.android\Com.visionProject.Android\VisionProject.TestResults\27-02-23_21-48-18\selenium-element-screenshot-1.png</msg>
<status status="PASS" starttime="20230227 21:48:30.256" endtime="20230227 21:48:30.391"/>
</kw>
<kw name="Scan QR Code" library="WebApplicationTestLibrary">
<var>${QRCodedata}</var>
<arg>${captured_img}</arg>
<msg timestamp="20230227 21:48:30.600" level="INFO" html="true">&lt;/td&gt;&lt;/tr&gt;&lt;tr&gt;&lt;td colspan="3"&gt;&lt;a href="selenium-screenshot-1.png"&gt;&lt;img src="selenium-screenshot-1.png" width="800px"&gt;&lt;/a&gt;</msg>
<msg timestamp="20230227 21:48:30.601" level="FAIL">ModuleNotFoundError: No module named 'zxing'</msg>
<status status="FAIL" starttime="20230227 21:48:30.391" endtime="20230227 21:48:30.611"/>
</kw>
<kw name="Log To Console" library="BuiltIn">
<arg>${QRCodedata}</arg>
<doc>Logs the given message to the console.</doc>
<status status="NOT RUN" starttime="20230227 21:48:30.611" endtime="20230227 21:48:30.611"/>
</kw>
<status status="FAIL" starttime="20230227 21:48:30.196" endtime="20230227 21:48:30.611"/>
</kw>
<doc>verification of barcode generation of specified link</doc>
<tag>Regression</tag>
<status status="FAIL" starttime="20230227 21:48:24.961" endtime="20230227 21:48:30.611">ModuleNotFoundError: No module named 'zxing'</status>
</test>
<test id="s1-s2-t2" name="Verify that Google Play button redirecting user to Vision Project on play store" line="22">
<kw name="Launch vision app" library="launch_app_browser_keywords">
<kw name="Start Appium Service" library="MobileTestLibrary">
<status status="PASS" starttime="20230227 21:48:30.613" endtime="20230227 21:48:31.574"/>
</kw>
<kw name="Open Application" library="MobileTestLibrary">
<arg>${remote_url}</arg>
<arg>&amp;{device}</arg>
<doc>Opens a new application to given Appium server.
Capabilities of appium server, Android and iOS,
Please check https://github.com/appium/appium/blob/master/docs/en/writing-running-appium/server-args.md
| *Option*            | *Man.* | *Description*     |
| remote_url          | Yes    | Appium server url |
| alias               | no     | alias             |
| strict_ssl          | No     | allows you to send commands to an invalid certificate host like a self-signed one. |</doc>
<msg timestamp="20230227 21:48:36.220" level="FAIL">WebDriverException: Message: An unknown server-side error occurred while processing the command. Original error: 'app' option is required for reinstall
Stacktrace:
UnknownError: An unknown server-side error occurred while processing the command. Original error: 'app' option is required for reinstall
    at getResponseForW3CError (C:\Users\ZMO-WIN-ShrikantL-01\AppData\Roaming\npm\node_modules\appium\node_modules\appium-base-driver\lib\protocol\errors.js:804:9)
    at asyncHandler (C:\Users\ZMO-WIN-ShrikantL-01\AppData\Roaming\npm\node_modules\appium\node_modules\appium-base-driver\lib\protocol\protocol.js:380:37)</msg>
<status status="FAIL" starttime="20230227 21:48:31.574" endtime="20230227 21:48:36.222"/>
</kw>
<status status="FAIL" starttime="20230227 21:48:30.613" endtime="20230227 21:48:36.222"/>
</kw>
<kw name="Open camera app" library="launch_flow_keywords">
<status status="NOT RUN" starttime="20230227 21:48:36.222" endtime="20230227 21:48:36.222"/>
</kw>
<kw name="wait until user scan the QR code from study link url" library="launch_flow_keywords">
<status status="NOT RUN" starttime="20230227 21:48:36.222" endtime="20230227 21:48:36.222"/>
</kw>
<kw name="tap on generated link" library="launch_flow_keywords">
<status status="NOT RUN" starttime="20230227 21:48:36.222" endtime="20230227 21:48:36.222"/>
</kw>
<kw name="tap on 'google play store' button" library="launch_flow_keywords">
<status status="NOT RUN" starttime="20230227 21:48:36.222" endtime="20230227 21:48:36.222"/>
</kw>
<kw name="verify user is landed on 'google playstore' on vision app page" library="launch_flow_keywords">
<status status="NOT RUN" starttime="20230227 21:48:36.222" endtime="20230227 21:48:36.222"/>
</kw>
<kw name="Verify that if the &quot;Need Help?&quot; button works" library="launch_flow_keywords">
<status status="NOT RUN" starttime="20230227 21:48:36.222" endtime="20230227 21:48:36.223"/>
</kw>
<kw name="close vision app" library="launch_app_browser_keywords">
<status status="NOT RUN" starttime="20230227 21:48:36.223" endtime="20230227 21:48:36.223"/>
</kw>
<doc>Verification that Google Play button redirecting user to Vision Project on play store</doc>
<tag>Regression</tag>
<status status="FAIL" starttime="20230227 21:48:30.613" endtime="20230227 21:48:36.223">WebDriverException: Message: An unknown server-side error occurred while processing the command. Original error: 'app' option is required for reinstall
Stacktrace:
UnknownError: An unknown server-side error occurred while processing the command. Original error: 'app' option is required for reinstall
    at getResponseForW3CError (C:\Users\ZMO-WIN-ShrikantL-01\AppData\Roaming\npm\node_modules\appium\node_modules\appium-base-driver\lib\protocol\errors.js:804:9)
    at asyncHandler (C:\Users\ZMO-WIN-ShrikantL-01\AppData\Roaming\npm\node_modules\appium\node_modules\appium-base-driver\lib\protocol\protocol.js:380:37)</status>
</test>
<test id="s1-s2-t3" name="Verify that user is able to paste study link using Paste study link" line="36">
<kw name="Open Application" library="MobileTestLibrary">
<arg>${remote_url}</arg>
<arg>&amp;{device}</arg>
<doc>Opens a new application to given Appium server.
Capabilities of appium server, Android and iOS,
Please check https://github.com/appium/appium/blob/master/docs/en/writing-running-appium/server-args.md
| *Option*            | *Man.* | *Description*     |
| remote_url          | Yes    | Appium server url |
| alias               | no     | alias             |
| strict_ssl          | No     | allows you to send commands to an invalid certificate host like a self-signed one. |</doc>
<msg timestamp="20230227 21:48:41.423" level="FAIL">WebDriverException: Message: An unknown server-side error occurred while processing the command. Original error: 'app' option is required for reinstall
Stacktrace:
UnknownError: An unknown server-side error occurred while processing the command. Original error: 'app' option is required for reinstall
    at getResponseForW3CError (C:\Users\ZMO-WIN-ShrikantL-01\AppData\Roaming\npm\node_modules\appium\node_modules\appium-base-driver\lib\protocol\errors.js:804:9)
    at asyncHandler (C:\Users\ZMO-WIN-ShrikantL-01\AppData\Roaming\npm\node_modules\appium\node_modules\appium-base-driver\lib\protocol\protocol.js:380:37)</msg>
<status status="FAIL" starttime="20230227 21:48:36.224" endtime="20230227 21:48:41.424"/>
</kw>
<kw name="Open camera app" library="launch_flow_keywords">
<status status="NOT RUN" starttime="20230227 21:48:41.425" endtime="20230227 21:48:41.425"/>
</kw>
<kw name="wait until user scan the QR code from study link url" library="launch_flow_keywords">
<status status="NOT RUN" starttime="20230227 21:48:41.425" endtime="20230227 21:48:41.425"/>
</kw>
<kw name="tap on generated link" library="launch_flow_keywords">
<status status="NOT RUN" starttime="20230227 21:48:41.425" endtime="20230227 21:48:41.425"/>
</kw>
<doc>Verification that user is able to paste study link using Paste study link</doc>
<tag>Regression</tag>
<status status="FAIL" starttime="20230227 21:48:36.223" endtime="20230227 21:48:41.425">WebDriverException: Message: An unknown server-side error occurred while processing the command. Original error: 'app' option is required for reinstall
Stacktrace:
UnknownError: An unknown server-side error occurred while processing the command. Original error: 'app' option is required for reinstall
    at getResponseForW3CError (C:\Users\ZMO-WIN-ShrikantL-01\AppData\Roaming\npm\node_modules\appium\node_modules\appium-base-driver\lib\protocol\errors.js:804:9)
    at asyncHandler (C:\Users\ZMO-WIN-ShrikantL-01\AppData\Roaming\npm\node_modules\appium\node_modules\appium-base-driver\lib\protocol\protocol.js:380:37)</status>
</test>
<status status="FAIL" starttime="20230227 21:48:24.927" endtime="20230227 21:48:41.425"/>
</suite>
<status status="FAIL" starttime="20230227 21:48:18.872" endtime="20230227 21:48:41.426"/>
</suite>
<statistics>
<total>
<stat pass="0" fail="4" skip="0">All Tests</stat>
</total>
<tag>
<stat pass="0" fail="3" skip="0">Regression</stat>
</tag>
<suite>
<stat pass="0" fail="4" skip="0" id="s1" name="VisionProject.Testsuite">VisionProject.Testsuite</stat>
<stat pass="0" fail="1" skip="0" id="s1-s1" name="Sample">VisionProject.Testsuite.Sample</stat>
<stat pass="0" fail="3" skip="0" id="s1-s2" name="Verify that Deep link URL is providing QR code">VisionProject.Testsuite.Verify that Deep link URL is providing QR code</stat>
</suite>
</statistics>
<errors>
</errors>
</robot>
