<?xml version="1.0" encoding="UTF-8"?>
<robot generator="Robot 6.0.2 (Python 3.11.2 on win32)" generated="20230226 21:39:05.078" rpa="false" schemaversion="3">
<suite id="s1" name="VisionProject.Testsuite" source="D:\New folder\com.visionProject.android2\Com.visionProject.Android\VisionProject.Testsuite">
<suite id="s1-s1" name="Verify that Deep link URL is providing QR code" source="D:\New folder\com.visionProject.android2\Com.visionProject.Android\VisionProject.Testsuite\Verify_that_Deep_link_URL_is_providing_QR code.robot">
<test id="s1-s1-t1" name="Verify that Deep link URL is providing QR code" line="14">
<kw name="Launch browser and input url" library="launch_app_browser_keywords">
<kw name="SeleniumUtils.Open Browser">
<arg>${Deeplink_url}</arg>
<arg>${Browser}</arg>
<msg timestamp="20230226 21:39:05.155" level="FAIL">No keyword with name 'SeleniumUtils.Open Browser' found.</msg>
<status status="FAIL" starttime="20230226 21:39:05.155" endtime="20230226 21:39:05.155"/>
</kw>
<kw name="SeleniumUtils.Maximize Browser Window">
<status status="NOT RUN" starttime="20230226 21:39:05.157" endtime="20230226 21:39:05.157"/>
</kw>
<status status="FAIL" starttime="20230226 21:39:05.153" endtime="20230226 21:39:05.157"/>
</kw>
<kw name="wait until QR code generated and validate QR code link details and log to console" library="QR_Code_page_keywords">
<status status="NOT RUN" starttime="20230226 21:39:05.157" endtime="20230226 21:39:05.157"/>
</kw>
<doc>verification of barcode generation of specified link</doc>
<tag>Regression</tag>
<status status="FAIL" starttime="20230226 21:39:05.152" endtime="20230226 21:39:05.157">No keyword with name 'SeleniumUtils.Open Browser' found.</status>
</test>
<test id="s1-s1-t2" name="Verify that Google Play button redirecting user to Vision Project on play store" line="23">
<kw name="Launch vision app" library="launch_app_browser_keywords">
<kw name="androidUtils.Start Appium Service">
<msg timestamp="20230226 21:39:05.161" level="FAIL">No keyword with name 'androidUtils.Start Appium Service' found.</msg>
<status status="FAIL" starttime="20230226 21:39:05.161" endtime="20230226 21:39:05.161"/>
</kw>
<kw name="Open Application">
<arg>${remote_url}</arg>
<arg>&amp;{Pixel_6}</arg>
<status status="NOT RUN" starttime="20230226 21:39:05.163" endtime="20230226 21:39:05.163"/>
</kw>
<status status="FAIL" starttime="20230226 21:39:05.158" endtime="20230226 21:39:05.163"/>
</kw>
<kw name="Open camera app" library="launch_flow_keywords">
<status status="NOT RUN" starttime="20230226 21:39:05.163" endtime="20230226 21:39:05.163"/>
</kw>
<kw name="wait until user scan the QR code from study link url" library="launch_flow_keywords">
<status status="NOT RUN" starttime="20230226 21:39:05.163" endtime="20230226 21:39:05.163"/>
</kw>
<kw name="tap on generated link" library="launch_flow_keywords">
<status status="NOT RUN" starttime="20230226 21:39:05.163" endtime="20230226 21:39:05.163"/>
</kw>
<kw name="tap on 'google play store' button" library="launch_flow_keywords">
<status status="NOT RUN" starttime="20230226 21:39:05.163" endtime="20230226 21:39:05.163"/>
</kw>
<kw name="verify user is landed on 'google playstore' on vision app page" library="launch_flow_keywords">
<status status="NOT RUN" starttime="20230226 21:39:05.164" endtime="20230226 21:39:05.164"/>
</kw>
<kw name="Verify that if the &quot;Need Help?&quot; button works" library="launch_flow_keywords">
<status status="NOT RUN" starttime="20230226 21:39:05.164" endtime="20230226 21:39:05.164"/>
</kw>
<kw name="close vision app" library="launch_app_browser_keywords">
<status status="NOT RUN" starttime="20230226 21:39:05.164" endtime="20230226 21:39:05.164"/>
</kw>
<doc>Verification that Google Play button redirecting user to Vision Project on play store</doc>
<tag>Regression</tag>
<status status="FAIL" starttime="20230226 21:39:05.158" endtime="20230226 21:39:05.164">No keyword with name 'androidUtils.Start Appium Service' found.</status>
</test>
<test id="s1-s1-t3" name="Verify that user is able to paste study link using Paste study link" line="37">
<kw name="Launch vision app" library="launch_app_browser_keywords">
<kw name="androidUtils.Start Appium Service">
<msg timestamp="20230226 21:39:05.167" level="FAIL">No keyword with name 'androidUtils.Start Appium Service' found.</msg>
<status status="FAIL" starttime="20230226 21:39:05.167" endtime="20230226 21:39:05.167"/>
</kw>
<kw name="Open Application">
<arg>${remote_url}</arg>
<arg>&amp;{Pixel_6}</arg>
<status status="NOT RUN" starttime="20230226 21:39:05.169" endtime="20230226 21:39:05.169"/>
</kw>
<status status="FAIL" starttime="20230226 21:39:05.165" endtime="20230226 21:39:05.170"/>
</kw>
<kw name="Open camera app" library="launch_flow_keywords">
<status status="NOT RUN" starttime="20230226 21:39:05.170" endtime="20230226 21:39:05.170"/>
</kw>
<kw name="wait until user scan the QR code from study link url" library="launch_flow_keywords">
<status status="NOT RUN" starttime="20230226 21:39:05.170" endtime="20230226 21:39:05.170"/>
</kw>
<kw name="tap on generated link" library="launch_flow_keywords">
<status status="NOT RUN" starttime="20230226 21:39:05.170" endtime="20230226 21:39:05.170"/>
</kw>
<doc>Verification that user is able to paste study link using Paste study link</doc>
<tag>Regression</tag>
<status status="FAIL" starttime="20230226 21:39:05.164" endtime="20230226 21:39:05.170">No keyword with name 'androidUtils.Start Appium Service' found.</status>
</test>
<test id="s1-s1-t4" name="Sample" line="48">
<kw name="sample" library="launch_app_browser_keywords">
<kw name="Open Application">
<arg>${remote_url}</arg>
<arg>&amp;{Pixel_Emulator}</arg>
<msg timestamp="20230226 21:39:05.172" level="FAIL">No keyword with name 'Open Application' found.</msg>
<status status="FAIL" starttime="20230226 21:39:05.172" endtime="20230226 21:39:05.172"/>
</kw>
<kw name="Start Activity">
<arg>com.android.chrome</arg>
<arg>com.google.android.apps.chrome.Main</arg>
<status status="NOT RUN" starttime="20230226 21:39:05.174" endtime="20230226 21:39:05.175"/>
</kw>
<kw name="AppiumLibrary.Wait Until Element Is Visible">
<arg>com.android.chrome:id/search_box_text</arg>
<arg>timeout=20</arg>
<status status="NOT RUN" starttime="20230226 21:39:05.176" endtime="20230226 21:39:05.176"/>
</kw>
<kw name="AppiumLibrary.Input Text">
<arg>com.android.chrome:id/search_box_text</arg>
<arg>${Deeplink_url}</arg>
<status status="NOT RUN" starttime="20230226 21:39:05.178" endtime="20230226 21:39:05.178"/>
</kw>
<kw name="NativeAppsUtil.press enter key">
<status status="NOT RUN" starttime="20230226 21:39:05.180" endtime="20230226 21:39:05.180"/>
</kw>
<kw name="Close Application">
<status status="NOT RUN" starttime="20230226 21:39:05.181" endtime="20230226 21:39:05.181"/>
</kw>
<status status="FAIL" starttime="20230226 21:39:05.171" endtime="20230226 21:39:05.181"/>
</kw>
<status status="FAIL" starttime="20230226 21:39:05.170" endtime="20230226 21:39:05.181">No keyword with name 'Open Application' found.</status>
</test>
<status status="FAIL" starttime="20230226 21:39:05.125" endtime="20230226 21:39:05.182"/>
</suite>
<status status="FAIL" starttime="20230226 21:39:05.082" endtime="20230226 21:39:05.182"/>
</suite>
<statistics>
<total>
<stat pass="0" fail="4" skip="0">All Tests</stat>
</total>
<tag>
<stat pass="0" fail="3" skip="0">Regression</stat>
</tag>
<suite>
<stat pass="0" fail="4" skip="0" id="s1" name="VisionProject.Testsuite">VisionProject.Testsuite</stat>
<stat pass="0" fail="4" skip="0" id="s1-s1" name="Verify that Deep link URL is providing QR code">VisionProject.Testsuite.Verify that Deep link URL is providing QR code</stat>
</suite>
</statistics>
<errors>
<msg timestamp="20230226 21:39:05.131" level="ERROR">Error in file 'D:\New folder\com.visionProject.android2\Com.visionProject.Android\VisionProject.Testsuite\Verify_that_Deep_link_URL_is_providing_QR code.robot' on line 2: Importing library 'D:\New folder\com.visionProject.android2\src\WebLibrary\SeleniumUtils.py' failed: ModuleNotFoundError: No module named 'zxing'
Traceback (most recent call last):
  File "D:\New folder\com.visionProject.android2\src\WebLibrary\SeleniumUtils.py", line 1, in &lt;module&gt;
    import zxing
PYTHONPATH:
  D:\New folder\com.visionProject.android2\src\WebLibrary
  D:\New folder\com.visionProject.android2\Com.visionProject.Android
  D:\New folder\com.visionProject.android2
  D:\New folder\com.visionProject.android2\venv
  C:\Users\ZMO-WIN-ShrikantL-01\AppData\Local\Programs\Python\Python311\python311.zip
  C:\Users\ZMO-WIN-ShrikantL-01\AppData\Local\Programs\Python\Python311\DLLs
  C:\Users\ZMO-WIN-ShrikantL-01\AppData\Local\Programs\Python\Python311\Lib
  C:\Users\ZMO-WIN-ShrikantL-01\AppData\Local\Programs\Python\Python311
  C:\Users\ZMO-WIN-ShrikantL-01\Downloads\robotframework-anywherelibrary-f884e582f1ad742f2847a71e51aff9e2ae915a67\venv
  C:\Users\ZMO-WIN-ShrikantL-01\Downloads\robotframework-anywherelibrary-f884e582f1ad742f2847a71e51aff9e2ae915a67\venv\Lib\site-packages
  c:\users\zmo-win-shrikantl-01\downloads\robotframework-anywherelibrary-f884e582f1ad742f2847a71e51aff9e2ae915a67\src</msg>
<msg timestamp="20230226 21:39:05.134" level="ERROR">Error in file 'D:\New folder\com.visionProject.android2\Com.visionProject.Android\VisionProject.PageObject\VisionProject.PageObject.keywords\launch_app_browser_keywords.resource' on line 2: Library '..\..\src\WebLibrary\SeleniumUtils.py' does not exist.</msg>
<msg timestamp="20230226 21:39:05.138" level="ERROR">Error in file 'D:\New folder\com.visionProject.android2\Com.visionProject.Android\VisionProject.PageObject\VisionProject.PageObject.keywords\launch_app_browser_keywords.resource' on line 3: Importing library 'D:\New folder\com.visionProject.android2\src\MobileLibrary\androidUtils.py' failed: ModuleNotFoundError: No module named 'AppiumLibrary'
Traceback (most recent call last):
  File "D:\New folder\com.visionProject.android2\src\MobileLibrary\androidUtils.py", line 1, in &lt;module&gt;
    from AppiumLibrary import AppiumLibrary
PYTHONPATH:
  D:\New folder\com.visionProject.android2\src\MobileLibrary
  D:\New folder\com.visionProject.android2\Com.visionProject.Android
  D:\New folder\com.visionProject.android2
  D:\New folder\com.visionProject.android2\venv
  C:\Users\ZMO-WIN-ShrikantL-01\AppData\Local\Programs\Python\Python311\python311.zip
  C:\Users\ZMO-WIN-ShrikantL-01\AppData\Local\Programs\Python\Python311\DLLs
  C:\Users\ZMO-WIN-ShrikantL-01\AppData\Local\Programs\Python\Python311\Lib
  C:\Users\ZMO-WIN-ShrikantL-01\AppData\Local\Programs\Python\Python311
  C:\Users\ZMO-WIN-ShrikantL-01\Downloads\robotframework-anywherelibrary-f884e582f1ad742f2847a71e51aff9e2ae915a67\venv
  C:\Users\ZMO-WIN-ShrikantL-01\Downloads\robotframework-anywherelibrary-f884e582f1ad742f2847a71e51aff9e2ae915a67\venv\Lib\site-packages
  c:\users\zmo-win-shrikantl-01\downloads\robotframework-anywherelibrary-f884e582f1ad742f2847a71e51aff9e2ae915a67\src</msg>
<msg timestamp="20230226 21:39:05.145" level="ERROR">Error in file 'D:\New folder\com.visionProject.android2\Com.visionProject.Android\VisionProject.PageObject\VisionProject.PageObject.keywords\QR_Code_page_keywords.resource' on line 2: Importing library 'D:\New folder\com.visionProject.android2\src\WebLibrary\SeleniumUtils.py' failed: ModuleNotFoundError: No module named 'zxing'
Traceback (most recent call last):
  File "D:\New folder\com.visionProject.android2\src\WebLibrary\SeleniumUtils.py", line 1, in &lt;module&gt;
    import zxing
PYTHONPATH:
  D:\New folder\com.visionProject.android2\src\WebLibrary
  D:\New folder\com.visionProject.android2\Com.visionProject.Android
  D:\New folder\com.visionProject.android2
  D:\New folder\com.visionProject.android2\venv
  C:\Users\ZMO-WIN-ShrikantL-01\AppData\Local\Programs\Python\Python311\python311.zip
  C:\Users\ZMO-WIN-ShrikantL-01\AppData\Local\Programs\Python\Python311\DLLs
  C:\Users\ZMO-WIN-ShrikantL-01\AppData\Local\Programs\Python\Python311\Lib
  C:\Users\ZMO-WIN-ShrikantL-01\AppData\Local\Programs\Python\Python311
  C:\Users\ZMO-WIN-ShrikantL-01\Downloads\robotframework-anywherelibrary-f884e582f1ad742f2847a71e51aff9e2ae915a67\venv
  C:\Users\ZMO-WIN-ShrikantL-01\Downloads\robotframework-anywherelibrary-f884e582f1ad742f2847a71e51aff9e2ae915a67\venv\Lib\site-packages
  c:\users\zmo-win-shrikantl-01\downloads\robotframework-anywherelibrary-f884e582f1ad742f2847a71e51aff9e2ae915a67\src</msg>
<msg timestamp="20230226 21:39:05.149" level="ERROR">Error in file 'D:\New folder\com.visionProject.android2\Com.visionProject.Android\VisionProject.PageObject\VisionProject.PageObject.keywords\launch_flow_keywords.resource' on line 2: Importing library 'Selenium2Library' failed: ModuleNotFoundError: No module named 'Selenium2Library'
Traceback (most recent call last):
  None
PYTHONPATH:
  D:\New folder\com.visionProject.android2\Com.visionProject.Android
  D:\New folder\com.visionProject.android2
  D:\New folder\com.visionProject.android2\venv
  C:\Users\ZMO-WIN-ShrikantL-01\AppData\Local\Programs\Python\Python311\python311.zip
  C:\Users\ZMO-WIN-ShrikantL-01\AppData\Local\Programs\Python\Python311\DLLs
  C:\Users\ZMO-WIN-ShrikantL-01\AppData\Local\Programs\Python\Python311\Lib
  C:\Users\ZMO-WIN-ShrikantL-01\AppData\Local\Programs\Python\Python311
  C:\Users\ZMO-WIN-ShrikantL-01\Downloads\robotframework-anywherelibrary-f884e582f1ad742f2847a71e51aff9e2ae915a67\venv
  C:\Users\ZMO-WIN-ShrikantL-01\Downloads\robotframework-anywherelibrary-f884e582f1ad742f2847a71e51aff9e2ae915a67\venv\Lib\site-packages
  c:\users\zmo-win-shrikantl-01\downloads\robotframework-anywherelibrary-f884e582f1ad742f2847a71e51aff9e2ae915a67\src</msg>
<msg timestamp="20230226 21:39:05.151" level="ERROR">Error in file 'D:\New folder\com.visionProject.android2\Com.visionProject.Android\VisionProject.PageObject\VisionProject.PageObject.keywords\launch_flow_keywords.resource' on line 3: Importing library 'AppiumLibrary' failed: ModuleNotFoundError: No module named 'AppiumLibrary'
Traceback (most recent call last):
  None
PYTHONPATH:
  D:\New folder\com.visionProject.android2\Com.visionProject.Android
  D:\New folder\com.visionProject.android2
  D:\New folder\com.visionProject.android2\venv
  C:\Users\ZMO-WIN-ShrikantL-01\AppData\Local\Programs\Python\Python311\python311.zip
  C:\Users\ZMO-WIN-ShrikantL-01\AppData\Local\Programs\Python\Python311\DLLs
  C:\Users\ZMO-WIN-ShrikantL-01\AppData\Local\Programs\Python\Python311\Lib
  C:\Users\ZMO-WIN-ShrikantL-01\AppData\Local\Programs\Python\Python311
  C:\Users\ZMO-WIN-ShrikantL-01\Downloads\robotframework-anywherelibrary-f884e582f1ad742f2847a71e51aff9e2ae915a67\venv
  C:\Users\ZMO-WIN-ShrikantL-01\Downloads\robotframework-anywherelibrary-f884e582f1ad742f2847a71e51aff9e2ae915a67\venv\Lib\site-packages
  c:\users\zmo-win-shrikantl-01\downloads\robotframework-anywherelibrary-f884e582f1ad742f2847a71e51aff9e2ae915a67\src</msg>
</errors>
</robot>
