<?xml version="1.0" encoding="UTF-8"?>
<robot generator="Robot 6.0.2 (Python 3.11.2 on win32)" generated="20230308 09:45:00.331" rpa="false" schemaversion="3">
    <suite id="s1" name="XYZProject.TestcaseSuite"
           source="D:\FusionTestFramework\Com.XYZProject.Android\XYZProject.TestcaseSuite">
        <suite id="s1-s1" name="TC001 - Tap on 'Privacy policy' and verify user is landing on Privacy policy page"
               source="D:\FusionTestFramework\Com.XYZProject.Android\XYZProject.TestcaseSuite\TC001 - Tap on 'Privacy policy' and verify user is landing on Privacy policy page.robot">
            <kw name="Setup before suit start" library="Setup keywords" type="SETUP">
                <kw name="Start Appium Service" library="MobileTestLibrary">
                    <msg timestamp="20230308 09:45:02.533" level="WARN">Retrying (Retry(total=2, connect=None,
                        read=None, redirect=None, status=None)) after connection broken by 'ConnectTimeoutError(&lt;urllib3.connection.HTTPConnection
                        object at 0x0000013FEF10D850&gt;, 'Connection to 127.0.0.1 timed out. (connect timeout=1.0)')':
                        /wd/hub/status
                    </msg>
                    <status status="PASS" starttime="20230308 09:45:00.697" endtime="20230308 09:45:03.091"/>
                </kw>
                <status status="PASS" starttime="20230308 09:45:00.697" endtime="20230308 09:45:03.091"/>
            </kw>
            <test id="s1-s1-t1" name="Tap on 'Privacy policy' and verify user is landing on Privacy policy page"
                  line="11">
                <kw name="Launch Test application" library="Setup keywords" type="SETUP">
                    <kw name="Open Application" library="MobileTestLibrary">
                        <arg>${remote_url}</arg>
                        <arg>&amp;{device}</arg>
                        <doc>Opens a new application to given Appium server.
                            Capabilities of appium server, Android and iOS,
                            Please check
                            https://github.com/appium/appium/blob/master/docs/en/writing-running-appium/server-args.md
                            | *Option* | *Man.* | *Description* |
                            | remote_url | Yes | Appium server url |
                            | alias | no | alias |
                            | strict_ssl | No | allows you to send commands to an invalid certificate host like a
                            self-signed one. |
                        </doc>
                        <kw name="Capture Page Screenshot">
                            <msg timestamp="20230308 09:45:24.671" level="FAIL">Multiple keywords with name 'Capture
                                Page Screenshot' found. Give the full name of the keyword you want to use:
                                MobileTestLibrary.Capture Page Screenshot
                                WebApplicationTestLibrary.Capture Page Screenshot
                            </msg>
                            <status status="FAIL" starttime="20230308 09:45:24.671" endtime="20230308 09:45:24.671"/>
                        </kw>
                        <msg timestamp="20230308 09:45:24.675" level="WARN">Keyword 'Capture Page Screenshot' could not
                            be run on failure: Multiple keywords with name 'Capture Page Screenshot' found. Give the
                            full name of the keyword you want to use:
                            MobileTestLibrary.Capture Page Screenshot
                            WebApplicationTestLibrary.Capture Page Screenshot
                        </msg>
                        <kw name="Capture Page Screenshot">
                            <msg timestamp="20230308 09:45:24.675" level="FAIL">Multiple keywords with name 'Capture
                                Page Screenshot' found. Give the full name of the keyword you want to use:
                                MobileTestLibrary.Capture Page Screenshot
                                WebApplicationTestLibrary.Capture Page Screenshot
                            </msg>
                            <status status="FAIL" starttime="20230308 09:45:24.675" endtime="20230308 09:45:24.675"/>
                        </kw>
                        <msg timestamp="20230308 09:45:24.679" level="WARN">Keyword 'Capture Page Screenshot' could not
                            be run on failure: Multiple keywords with name 'Capture Page Screenshot' found. Give the
                            full name of the keyword you want to use:
                            MobileTestLibrary.Capture Page Screenshot
                            WebApplicationTestLibrary.Capture Page Screenshot
                        </msg>
                        <msg timestamp="20230308 09:45:24.679" level="FAIL">WebDriverException: Message: An unknown
                            server-side error occurred while processing the command. Original error: The device has
                            failed to be unlocked
                            Stacktrace:
                            UnknownError: An unknown server-side error occurred while processing the command. Original
                            error: The device has failed to be unlocked
                            at getResponseForW3CError
                            (C:\Users\ZMO-WIN-ShrikantL-01\AppData\Roaming\npm\node_modules\appium\node_modules\appium-base-driver\lib\protocol\errors.js:804:9)
                            at asyncHandler
                            (C:\Users\ZMO-WIN-ShrikantL-01\AppData\Roaming\npm\node_modules\appium\node_modules\appium-base-driver\lib\protocol\protocol.js:380:37)
                        </msg>
                        <status status="FAIL" starttime="20230308 09:45:03.093" endtime="20230308 09:45:24.682"/>
                    </kw>
                    <kw name="Set Appium Timeout" library="MobileTestLibrary">
                        <arg>30</arg>
                        <doc>Sets the timeout in seconds used by various keywords.</doc>
                        <status status="NOT RUN" starttime="20230308 09:45:24.682" endtime="20230308 09:45:24.682"/>
                    </kw>
                    <status status="FAIL" starttime="20230308 09:45:03.092" endtime="20230308 09:45:24.683"/>
                </kw>
                <kw name="close Test application" library="Setup keywords" type="TEARDOWN">
                    <kw name="Run Keyword And Continue On Failure" library="BuiltIn">
                        <arg>MobileTestLibrary.Close Application</arg>
                        <doc>Runs the keyword and continues execution even if a failure occurs.</doc>
                        <kw name="Close Application" library="MobileTestLibrary">
                            <doc>Closes the current application and also close webdriver session.</doc>
                            <kw name="Capture Page Screenshot">
                                <msg timestamp="20230308 09:45:24.684" level="FAIL">Multiple keywords with name 'Capture
                                    Page Screenshot' found. Give the full name of the keyword you want to use:
                                    MobileTestLibrary.Capture Page Screenshot
                                    WebApplicationTestLibrary.Capture Page Screenshot
                                </msg>
                                <status status="FAIL" starttime="20230308 09:45:24.684"
                                        endtime="20230308 09:45:24.684"/>
                            </kw>
                            <msg timestamp="20230308 09:45:24.686" level="WARN">Keyword 'Capture Page Screenshot' could
                                not be run on failure: Multiple keywords with name 'Capture Page Screenshot' found. Give
                                the full name of the keyword you want to use:
                                MobileTestLibrary.Capture Page Screenshot
                                WebApplicationTestLibrary.Capture Page Screenshot
                            </msg>
                            <kw name="Capture Page Screenshot">
                                <msg timestamp="20230308 09:45:24.686" level="FAIL">Multiple keywords with name 'Capture
                                    Page Screenshot' found. Give the full name of the keyword you want to use:
                                    MobileTestLibrary.Capture Page Screenshot
                                    WebApplicationTestLibrary.Capture Page Screenshot
                                </msg>
                                <status status="FAIL" starttime="20230308 09:45:24.686"
                                        endtime="20230308 09:45:24.687"/>
                            </kw>
                            <msg timestamp="20230308 09:45:24.689" level="WARN">Keyword 'Capture Page Screenshot' could
                                not be run on failure: Multiple keywords with name 'Capture Page Screenshot' found. Give
                                the full name of the keyword you want to use:
                                MobileTestLibrary.Capture Page Screenshot
                                WebApplicationTestLibrary.Capture Page Screenshot
                            </msg>
                            <msg timestamp="20230308 09:45:24.689" level="FAIL">No application is open</msg>
                            <status status="FAIL" starttime="20230308 09:45:24.683" endtime="20230308 09:45:24.690"/>
                        </kw>
                        <status status="FAIL" starttime="20230308 09:45:24.683" endtime="20230308 09:45:24.690"/>
                    </kw>
                    <kw name="Run Keyword And Continue On Failure" library="BuiltIn">
                        <arg>WebApplicationTestLibrary.Close Browser</arg>
                        <doc>Runs the keyword and continues execution even if a failure occurs.</doc>
                        <kw name="Close Browser" library="WebApplicationTestLibrary">
                            <doc>Closes the current browser.</doc>
                            <status status="PASS" starttime="20230308 09:45:24.690" endtime="20230308 09:45:24.690"/>
                        </kw>
                        <status status="PASS" starttime="20230308 09:45:24.690" endtime="20230308 09:45:24.690"/>
                    </kw>
                    <kw name="Run Keyword And Continue On Failure" library="BuiltIn">
                        <arg>WebApplicationTestLibrary.Close All Browsers</arg>
                        <doc>Runs the keyword and continues execution even if a failure occurs.</doc>
                        <kw name="Close All Browsers" library="WebApplicationTestLibrary">
                            <doc>Closes all open browsers and resets the browser cache.</doc>
                            <status status="PASS" starttime="20230308 09:45:24.690" endtime="20230308 09:45:24.691"/>
                        </kw>
                        <status status="PASS" starttime="20230308 09:45:24.690" endtime="20230308 09:45:24.691"/>
                    </kw>
                    <kw name="Run Keyword And Continue On Failure" library="BuiltIn">
                        <arg>MobileTestLibrary.Close All Applications</arg>
                        <doc>Runs the keyword and continues execution even if a failure occurs.</doc>
                        <kw name="Close All Applications" library="MobileTestLibrary">
                            <doc>Closes all open applications.</doc>
                            <status status="PASS" starttime="20230308 09:45:24.691" endtime="20230308 09:45:24.694"/>
                        </kw>
                        <status status="PASS" starttime="20230308 09:45:24.691" endtime="20230308 09:45:24.694"/>
                    </kw>
                    <status status="FAIL" starttime="20230308 09:45:24.683" endtime="20230308 09:45:24.694">No
                        application is open
                    </status>
                </kw>
                <doc>Verification that Google Play button redirecting user to Vision Project on play store</doc>
                <tag>Regression</tag>
                <status status="FAIL" starttime="20230308 09:45:03.092" endtime="20230308 09:45:24.694">Setup failed:
                    WebDriverException: Message: An unknown server-side error occurred while processing the command.
                    Original error: The device has failed to be unlocked
                    Stacktrace:
                    UnknownError: An unknown server-side error occurred while processing the command. Original error:
                    The device has failed to be unlocked
                    at getResponseForW3CError
                    (C:\Users\ZMO-WIN-ShrikantL-01\AppData\Roaming\npm\node_modules\appium\node_modules\appium-base-driver\lib\protocol\errors.js:804:9)
                    at asyncHandler
                    (C:\Users\ZMO-WIN-ShrikantL-01\AppData\Roaming\npm\node_modules\appium\node_modules\appium-base-driver\lib\protocol\protocol.js:380:37)

                    Also teardown failed:
                    No application is open
                </status>
            </test>
            <kw name="tearDown" library="Setup keywords" type="TEARDOWN">
                <kw name="Stop Appium Service" library="MobileTestLibrary">
                    <status status="PASS" starttime="20230308 09:45:24.694" endtime="20230308 09:45:24.695"/>
                </kw>
                <status status="PASS" starttime="20230308 09:45:24.694" endtime="20230308 09:45:24.695"/>
            </kw>
            <status status="FAIL" starttime="20230308 09:45:00.354" endtime="20230308 09:45:24.695"/>
        </suite>
        <suite id="s1-s2" name="TC002 - Verify that Deep link URL is providing QR code"
               source="D:\FusionTestFramework\Com.XYZProject.Android\XYZProject.TestcaseSuite\TC002 - Verify that Deep link URL is providing QR code.robot">
            <test id="s1-s2-t1" name="Verify that Deep link URL is providing QR code" line="8">
                <kw name="Launch browser and input url" library="Setup keywords" type="SETUP">
                    <kw name="Open Browser" library="WebApplicationTestLibrary">
                        <arg>${url}</arg>
                        <arg>${Browser}</arg>
                        <doc>Opens a new browser instance to the optional ``url``.</doc>
                        <msg timestamp="20230308 09:45:24.707" level="INFO">Opening browser 'chrome' to base url
                            'https://social.vision-project.co/?studyID=d2563e38-04e4-4c06-8323-f8c4722040b0&amp;userID=Jai'.
                        </msg>
                        <status status="PASS" starttime="20230308 09:45:24.707" endtime="20230308 09:45:37.108"/>
                    </kw>
                    <kw name="Maximize Browser Window" library="WebApplicationTestLibrary">
                        <doc>Maximizes current browser window.</doc>
                        <status status="PASS" starttime="20230308 09:45:37.108" endtime="20230308 09:45:37.236"/>
                    </kw>
                    <status status="PASS" starttime="20230308 09:45:24.706" endtime="20230308 09:45:37.236"/>
                </kw>
                <kw name="wait until QR code generated and validate QR code link details and log to console"
                    library="QR_Code_page_keywords">
                    <kw name="Wait Until Page Contains" library="WebApplicationTestLibrary">
                        <arg>Study cannot be conducted here</arg>
                        <doc>Waits until ``text`` appears on the current page.</doc>
                        <status status="PASS" starttime="20230308 09:45:37.237" endtime="20230308 09:45:37.265"/>
                    </kw>
                    <kw name="Element Should Be Visible" library="WebApplicationTestLibrary">
                        <arg>${QR_Code}</arg>
                        <doc>Verifies that the element identified by ``locator`` is visible.</doc>
                        <msg timestamp="20230308 09:45:37.327" level="INFO">Element '//*[@viewBox='0 0 256 256']' is
                            displayed.
                        </msg>
                        <status status="PASS" starttime="20230308 09:45:37.265" endtime="20230308 09:45:37.328"/>
                    </kw>
                    <kw name="Capture Element Screenshot" library="WebApplicationTestLibrary">
                        <var>${captured_img}</var>
                        <arg>${QR_Code}</arg>
                        <doc>Captures a screenshot from the element identified by ``locator`` and embeds it into log
                            file.
                        </doc>
                        <msg timestamp="20230308 09:45:37.536" level="INFO" html="true">&lt;/td&gt;&lt;/tr&gt;&lt;tr&gt;&lt;td
                            colspan="3"&gt;&lt;a href="selenium-element-screenshot-1.png"&gt;&lt;img
                            src="selenium-element-screenshot-1.png" width="400px"&gt;&lt;/a&gt;
                        </msg>
                        <msg timestamp="20230308 09:45:37.537" level="INFO">${captured_img} =
                            D:\FusionTestFramework\Com.XYZProject.Android\XYZProject.TestResults\08-03-23_09-45-00\selenium-element-screenshot-1.png
                        </msg>
                        <status status="PASS" starttime="20230308 09:45:37.328" endtime="20230308 09:45:37.537"/>
                    </kw>
                    <kw name="Scan QR Code" library="WebApplicationTestLibrary">
                        <var>${QRCodedata}</var>
                        <arg>${captured_img}</arg>
                        <msg timestamp="20230308 09:45:38.261" level="INFO">3.4.1 (3, 4, 1)</msg>
                        <msg timestamp="20230308 09:45:38.262" level="INFO">${QRCodedata} =
                            BarCode(raw='https://social.vision-project.co/?studyID=d2563e38-04e4-4c06-8323-f8c4722040b0&amp;userID=Jai',
                            parsed='https://social.vision-project.co/?studyID=d2563e38-04e4-4c06-8323-f8c4722040b0&amp;userID=J...
                        </msg>
                        <status status="PASS" starttime="20230308 09:45:37.537" endtime="20230308 09:45:38.262"/>
                    </kw>
                    <kw name="Log To Console" library="BuiltIn">
                        <arg>${QRCodedata}</arg>
                        <doc>Logs the given message to the console.</doc>
                        <status status="PASS" starttime="20230308 09:45:38.262" endtime="20230308 09:45:38.263"/>
                    </kw>
                    <status status="PASS" starttime="20230308 09:45:37.236" endtime="20230308 09:45:38.263"/>
                </kw>
                <kw name="Close Browser" library="WebApplicationTestLibrary" type="TEARDOWN">
                    <doc>Closes the current browser.</doc>
                    <status status="PASS" starttime="20230308 09:45:38.263" endtime="20230308 09:45:40.497"/>
                </kw>
                <doc>verification of barcode generation of specified link</doc>
                <tag>Regression</tag>
                <status status="PASS" starttime="20230308 09:45:24.706" endtime="20230308 09:45:40.497"/>
            </test>
            <status status="PASS" starttime="20230308 09:45:24.695" endtime="20230308 09:45:40.498"/>
        </suite>
        <suite id="s1-s3" name="TC003 - Verify that Google Play button redirecting user to Vision Project on play store"
               source="D:\FusionTestFramework\Com.XYZProject.Android\XYZProject.TestcaseSuite\TC003 - Verify that Google Play button redirecting user to Vision Project on play store.robot">
            <kw name="Setup before suit start" library="Setup keywords" type="SETUP">
                <kw name="Start Appium Service" library="MobileTestLibrary">
                    <status status="PASS" starttime="20230308 09:45:40.536" endtime="20230308 09:45:41.332"/>
                </kw>
                <status status="PASS" starttime="20230308 09:45:40.536" endtime="20230308 09:45:41.332"/>
            </kw>
            <test id="s1-s3-t1" name="Verify that Google Play button redirecting user to Vision Project on play store"
                  line="11">
                <kw name="Launch Test application" library="Setup keywords" type="SETUP">
                    <kw name="Open Application" library="MobileTestLibrary">
                        <arg>${remote_url}</arg>
                        <arg>&amp;{device}</arg>
                        <doc>Opens a new application to given Appium server.
                            Capabilities of appium server, Android and iOS,
                            Please check
                            https://github.com/appium/appium/blob/master/docs/en/writing-running-appium/server-args.md
                            | *Option* | *Man.* | *Description* |
                            | remote_url | Yes | Appium server url |
                            | alias | no | alias |
                            | strict_ssl | No | allows you to send commands to an invalid certificate host like a
                            self-signed one. |
                        </doc>
                        <kw name="Capture Page Screenshot">
                            <msg timestamp="20230308 09:45:57.915" level="FAIL">Multiple keywords with name 'Capture
                                Page Screenshot' found. Give the full name of the keyword you want to use:
                                MobileTestLibrary.Capture Page Screenshot
                                WebApplicationTestLibrary.Capture Page Screenshot
                            </msg>
                            <status status="FAIL" starttime="20230308 09:45:57.915" endtime="20230308 09:45:57.915"/>
                        </kw>
                        <msg timestamp="20230308 09:45:57.925" level="WARN">Keyword 'Capture Page Screenshot' could not
                            be run on failure: Multiple keywords with name 'Capture Page Screenshot' found. Give the
                            full name of the keyword you want to use:
                            MobileTestLibrary.Capture Page Screenshot
                            WebApplicationTestLibrary.Capture Page Screenshot
                        </msg>
                        <kw name="Capture Page Screenshot">
                            <msg timestamp="20230308 09:45:57.926" level="FAIL">Multiple keywords with name 'Capture
                                Page Screenshot' found. Give the full name of the keyword you want to use:
                                MobileTestLibrary.Capture Page Screenshot
                                WebApplicationTestLibrary.Capture Page Screenshot
                            </msg>
                            <status status="FAIL" starttime="20230308 09:45:57.926" endtime="20230308 09:45:57.927"/>
                        </kw>
                        <msg timestamp="20230308 09:45:57.936" level="WARN">Keyword 'Capture Page Screenshot' could not
                            be run on failure: Multiple keywords with name 'Capture Page Screenshot' found. Give the
                            full name of the keyword you want to use:
                            MobileTestLibrary.Capture Page Screenshot
                            WebApplicationTestLibrary.Capture Page Screenshot
                        </msg>
                        <msg timestamp="20230308 09:45:57.937" level="FAIL">WebDriverException: Message: An unknown
                            server-side error occurred while processing the command. Original error: The device has
                            failed to be unlocked
                            Stacktrace:
                            UnknownError: An unknown server-side error occurred while processing the command. Original
                            error: The device has failed to be unlocked
                            at getResponseForW3CError
                            (C:\Users\ZMO-WIN-ShrikantL-01\AppData\Roaming\npm\node_modules\appium\node_modules\appium-base-driver\lib\protocol\errors.js:804:9)
                            at asyncHandler
                            (C:\Users\ZMO-WIN-ShrikantL-01\AppData\Roaming\npm\node_modules\appium\node_modules\appium-base-driver\lib\protocol\protocol.js:380:37)
                        </msg>
                        <status status="FAIL" starttime="20230308 09:45:41.333" endtime="20230308 09:45:57.941"/>
                    </kw>
                    <kw name="Set Appium Timeout" library="MobileTestLibrary">
                        <arg>30</arg>
                        <doc>Sets the timeout in seconds used by various keywords.</doc>
                        <status status="NOT RUN" starttime="20230308 09:45:57.941" endtime="20230308 09:45:57.941"/>
                    </kw>
                    <status status="FAIL" starttime="20230308 09:45:41.333" endtime="20230308 09:45:57.942"/>
                </kw>
                <kw name="close Test application" library="Setup keywords" type="TEARDOWN">
                    <kw name="Run Keyword And Continue On Failure" library="BuiltIn">
                        <arg>MobileTestLibrary.Close Application</arg>
                        <doc>Runs the keyword and continues execution even if a failure occurs.</doc>
                        <kw name="Close Application" library="MobileTestLibrary">
                            <doc>Closes the current application and also close webdriver session.</doc>
                            <kw name="Capture Page Screenshot">
                                <msg timestamp="20230308 09:45:57.945" level="FAIL">Multiple keywords with name 'Capture
                                    Page Screenshot' found. Give the full name of the keyword you want to use:
                                    MobileTestLibrary.Capture Page Screenshot
                                    WebApplicationTestLibrary.Capture Page Screenshot
                                </msg>
                                <status status="FAIL" starttime="20230308 09:45:57.944"
                                        endtime="20230308 09:45:57.945"/>
                            </kw>
                            <msg timestamp="20230308 09:45:57.950" level="WARN">Keyword 'Capture Page Screenshot' could
                                not be run on failure: Multiple keywords with name 'Capture Page Screenshot' found. Give
                                the full name of the keyword you want to use:
                                MobileTestLibrary.Capture Page Screenshot
                                WebApplicationTestLibrary.Capture Page Screenshot
                            </msg>
                            <kw name="Capture Page Screenshot">
                                <msg timestamp="20230308 09:45:57.951" level="FAIL">Multiple keywords with name 'Capture
                                    Page Screenshot' found. Give the full name of the keyword you want to use:
                                    MobileTestLibrary.Capture Page Screenshot
                                    WebApplicationTestLibrary.Capture Page Screenshot
                                </msg>
                                <status status="FAIL" starttime="20230308 09:45:57.950"
                                        endtime="20230308 09:45:57.951"/>
                            </kw>
                            <msg timestamp="20230308 09:45:57.955" level="WARN">Keyword 'Capture Page Screenshot' could
                                not be run on failure: Multiple keywords with name 'Capture Page Screenshot' found. Give
                                the full name of the keyword you want to use:
                                MobileTestLibrary.Capture Page Screenshot
                                WebApplicationTestLibrary.Capture Page Screenshot
                            </msg>
                            <msg timestamp="20230308 09:45:57.955" level="FAIL">No application is open</msg>
                            <status status="FAIL" starttime="20230308 09:45:57.944" endtime="20230308 09:45:57.956"/>
                        </kw>
                        <status status="FAIL" starttime="20230308 09:45:57.943" endtime="20230308 09:45:57.956"/>
                    </kw>
                    <kw name="Run Keyword And Continue On Failure" library="BuiltIn">
                        <arg>WebApplicationTestLibrary.Close Browser</arg>
                        <doc>Runs the keyword and continues execution even if a failure occurs.</doc>
                        <kw name="Close Browser" library="WebApplicationTestLibrary">
                            <doc>Closes the current browser.</doc>
                            <status status="PASS" starttime="20230308 09:45:57.957" endtime="20230308 09:45:57.957"/>
                        </kw>
                        <status status="PASS" starttime="20230308 09:45:57.956" endtime="20230308 09:45:57.957"/>
                    </kw>
                    <kw name="Run Keyword And Continue On Failure" library="BuiltIn">
                        <arg>WebApplicationTestLibrary.Close All Browsers</arg>
                        <doc>Runs the keyword and continues execution even if a failure occurs.</doc>
                        <kw name="Close All Browsers" library="WebApplicationTestLibrary">
                            <doc>Closes all open browsers and resets the browser cache.</doc>
                            <status status="PASS" starttime="20230308 09:45:57.957" endtime="20230308 09:45:57.957"/>
                        </kw>
                        <status status="PASS" starttime="20230308 09:45:57.957" endtime="20230308 09:45:57.957"/>
                    </kw>
                    <kw name="Run Keyword And Continue On Failure" library="BuiltIn">
                        <arg>MobileTestLibrary.Close All Applications</arg>
                        <doc>Runs the keyword and continues execution even if a failure occurs.</doc>
                        <kw name="Close All Applications" library="MobileTestLibrary">
                            <doc>Closes all open applications.</doc>
                            <status status="PASS" starttime="20230308 09:45:57.958" endtime="20230308 09:45:57.961"/>
                        </kw>
                        <status status="PASS" starttime="20230308 09:45:57.958" endtime="20230308 09:45:57.961"/>
                    </kw>
                    <status status="FAIL" starttime="20230308 09:45:57.942" endtime="20230308 09:45:57.961">No
                        application is open
                    </status>
                </kw>
                <doc>Verification that Google Play button redirecting user to Vision Project on play store</doc>
                <tag>Regression</tag>
                <status status="FAIL" starttime="20230308 09:45:41.332" endtime="20230308 09:45:57.961">Setup failed:
                    WebDriverException: Message: An unknown server-side error occurred while processing the command.
                    Original error: The device has failed to be unlocked
                    Stacktrace:
                    UnknownError: An unknown server-side error occurred while processing the command. Original error:
                    The device has failed to be unlocked
                    at getResponseForW3CError
                    (C:\Users\ZMO-WIN-ShrikantL-01\AppData\Roaming\npm\node_modules\appium\node_modules\appium-base-driver\lib\protocol\errors.js:804:9)
                    at asyncHandler
                    (C:\Users\ZMO-WIN-ShrikantL-01\AppData\Roaming\npm\node_modules\appium\node_modules\appium-base-driver\lib\protocol\protocol.js:380:37)

                    Also teardown failed:
                    No application is open
                </status>
            </test>
            <kw name="tearDown" library="Setup keywords" type="TEARDOWN">
                <kw name="Stop Appium Service" library="MobileTestLibrary">
                    <status status="PASS" starttime="20230308 09:45:57.962" endtime="20230308 09:45:57.962"/>
                </kw>
                <status status="PASS" starttime="20230308 09:45:57.962" endtime="20230308 09:45:57.962"/>
            </kw>
            <status status="FAIL" starttime="20230308 09:45:40.501" endtime="20230308 09:45:57.963"/>
        </suite>
        <suite id="s1-s4"
               name="TC004 - Verify that if social app is not installed on phone then App was not found screen appears"
               source="D:\FusionTestFramework\Com.XYZProject.Android\XYZProject.TestcaseSuite\TC004 - Verify that if social app is not installed on phone then App was not found screen appears.robot">
            <kw name="Setup before suit start" library="Setup keywords" type="SETUP">
                <kw name="Start Appium Service" library="MobileTestLibrary">
                    <status status="PASS" starttime="20230308 09:45:57.975" endtime="20230308 09:45:58.774"/>
                </kw>
                <status status="PASS" starttime="20230308 09:45:57.975" endtime="20230308 09:45:58.774"/>
            </kw>
            <test id="s1-s4-t1"
                  name="Verify that if social app is not installed on phone then App was not found screen appears"
                  line="10">
                <kw name="Launch Test application" library="Setup keywords" type="SETUP">
                    <kw name="Open Application" library="MobileTestLibrary">
                        <arg>${remote_url}</arg>
                        <arg>&amp;{device}</arg>
                        <doc>Opens a new application to given Appium server.
                            Capabilities of appium server, Android and iOS,
                            Please check
                            https://github.com/appium/appium/blob/master/docs/en/writing-running-appium/server-args.md
                            | *Option* | *Man.* | *Description* |
                            | remote_url | Yes | Appium server url |
                            | alias | no | alias |
                            | strict_ssl | No | allows you to send commands to an invalid certificate host like a
                            self-signed one. |
                        </doc>
                        <kw name="Capture Page Screenshot">
                            <msg timestamp="20230308 09:46:04.615" level="FAIL">Multiple keywords with name 'Capture
                                Page Screenshot' found. Give the full name of the keyword you want to use:
                                MobileTestLibrary.Capture Page Screenshot
                                WebApplicationTestLibrary.Capture Page Screenshot
                            </msg>
                            <status status="FAIL" starttime="20230308 09:46:04.613" endtime="20230308 09:46:04.615"/>
                        </kw>
                        <msg timestamp="20230308 09:46:04.619" level="WARN">Keyword 'Capture Page Screenshot' could not
                            be run on failure: Multiple keywords with name 'Capture Page Screenshot' found. Give the
                            full name of the keyword you want to use:
                            MobileTestLibrary.Capture Page Screenshot
                            WebApplicationTestLibrary.Capture Page Screenshot
                        </msg>
                        <kw name="Capture Page Screenshot">
                            <msg timestamp="20230308 09:46:04.619" level="FAIL">Multiple keywords with name 'Capture
                                Page Screenshot' found. Give the full name of the keyword you want to use:
                                MobileTestLibrary.Capture Page Screenshot
                                WebApplicationTestLibrary.Capture Page Screenshot
                            </msg>
                            <status status="FAIL" starttime="20230308 09:46:04.619" endtime="20230308 09:46:04.619"/>
                        </kw>
                        <msg timestamp="20230308 09:46:04.623" level="WARN">Keyword 'Capture Page Screenshot' could not
                            be run on failure: Multiple keywords with name 'Capture Page Screenshot' found. Give the
                            full name of the keyword you want to use:
                            MobileTestLibrary.Capture Page Screenshot
                            WebApplicationTestLibrary.Capture Page Screenshot
                        </msg>
                        <status status="FAIL" starttime="20230308 09:45:58.775" endtime="20230308 09:46:04.623"/>
                    </kw>
                    <kw name="Set Appium Timeout" library="MobileTestLibrary">
                        <arg>30</arg>
                        <doc>Sets the timeout in seconds used by various keywords.</doc>
                        <status status="NOT RUN" starttime="20230308 09:46:04.624" endtime="20230308 09:46:04.624"/>
                    </kw>
                    <status status="FAIL" starttime="20230308 09:45:58.775" endtime="20230308 09:46:04.624"/>
                </kw>
                <kw name="close Test application" library="Setup keywords" type="TEARDOWN">
                    <kw name="Run Keyword And Continue On Failure" library="BuiltIn">
                        <arg>MobileTestLibrary.Close Application</arg>
                        <doc>Runs the keyword and continues execution even if a failure occurs.</doc>
                        <kw name="Close Application" library="MobileTestLibrary">
                            <doc>Closes the current application and also close webdriver session.</doc>
                            <kw name="Capture Page Screenshot">
                                <msg timestamp="20230308 09:46:04.625" level="FAIL">Multiple keywords with name 'Capture
                                    Page Screenshot' found. Give the full name of the keyword you want to use:
                                    MobileTestLibrary.Capture Page Screenshot
                                    WebApplicationTestLibrary.Capture Page Screenshot
                                </msg>
                                <status status="FAIL" starttime="20230308 09:46:04.625"
                                        endtime="20230308 09:46:04.625"/>
                            </kw>
                            <msg timestamp="20230308 09:46:04.628" level="WARN">Keyword 'Capture Page Screenshot' could
                                not be run on failure: Multiple keywords with name 'Capture Page Screenshot' found. Give
                                the full name of the keyword you want to use:
                                MobileTestLibrary.Capture Page Screenshot
                                WebApplicationTestLibrary.Capture Page Screenshot
                            </msg>
                            <kw name="Capture Page Screenshot">
                                <msg timestamp="20230308 09:46:04.628" level="FAIL">Multiple keywords with name 'Capture
                                    Page Screenshot' found. Give the full name of the keyword you want to use:
                                    MobileTestLibrary.Capture Page Screenshot
                                    WebApplicationTestLibrary.Capture Page Screenshot
                                </msg>
                                <status status="FAIL" starttime="20230308 09:46:04.628"
                                        endtime="20230308 09:46:04.628"/>
                            </kw>
                            <msg timestamp="20230308 09:46:04.630" level="WARN">Keyword 'Capture Page Screenshot' could
                                not be run on failure: Multiple keywords with name 'Capture Page Screenshot' found. Give
                                the full name of the keyword you want to use:
                                MobileTestLibrary.Capture Page Screenshot
                                WebApplicationTestLibrary.Capture Page Screenshot
                            </msg>
                            <msg timestamp="20230308 09:46:04.630" level="FAIL">No application is open</msg>
                            <status status="FAIL" starttime="20230308 09:46:04.625" endtime="20230308 09:46:04.631"/>
                        </kw>
                        <status status="FAIL" starttime="20230308 09:46:04.625" endtime="20230308 09:46:04.631"/>
                    </kw>
                    <kw name="Run Keyword And Continue On Failure" library="BuiltIn">
                        <arg>WebApplicationTestLibrary.Close Browser</arg>
                        <doc>Runs the keyword and continues execution even if a failure occurs.</doc>
                        <kw name="Close Browser" library="WebApplicationTestLibrary">
                            <doc>Closes the current browser.</doc>
                            <status status="PASS" starttime="20230308 09:46:04.631" endtime="20230308 09:46:04.631"/>
                        </kw>
                        <status status="PASS" starttime="20230308 09:46:04.631" endtime="20230308 09:46:04.631"/>
                    </kw>
                    <kw name="Run Keyword And Continue On Failure" library="BuiltIn">
                        <arg>WebApplicationTestLibrary.Close All Browsers</arg>
                        <doc>Runs the keyword and continues execution even if a failure occurs.</doc>
                        <kw name="Close All Browsers" library="WebApplicationTestLibrary">
                            <doc>Closes all open browsers and resets the browser cache.</doc>
                            <status status="PASS" starttime="20230308 09:46:04.632" endtime="20230308 09:46:04.632"/>
                        </kw>
                        <status status="PASS" starttime="20230308 09:46:04.632" endtime="20230308 09:46:04.632"/>
                    </kw>
                    <kw name="Run Keyword And Continue On Failure" library="BuiltIn">
                        <arg>MobileTestLibrary.Close All Applications</arg>
                        <doc>Runs the keyword and continues execution even if a failure occurs.</doc>
                        <kw name="Close All Applications" library="MobileTestLibrary">
                            <doc>Closes all open applications.</doc>
                            <status status="PASS" starttime="20230308 09:46:04.632" endtime="20230308 09:46:04.634"/>
                        </kw>
                        <status status="PASS" starttime="20230308 09:46:04.632" endtime="20230308 09:46:04.635"/>
                    </kw>
                    <status status="FAIL" starttime="20230308 09:46:04.624" endtime="20230308 09:46:04.635">No
                        application is open
                    </status>
                </kw>
                <doc>Verification that if social app is not installed on phone then App was not found screen appears
                </doc>
                <tag>smoke</tag>
                <status status="FAIL" starttime="20230308 09:45:58.774" endtime="20230308 09:46:04.635">Setup failed:
                    Execution terminated by signal

                    Also teardown failed:
                    No application is open
                </status>
            </test>
            <kw name="tearDown" library="Setup keywords" type="TEARDOWN">
                <kw name="Stop Appium Service" library="MobileTestLibrary">
                    <status status="PASS" starttime="20230308 09:46:04.635" endtime="20230308 09:46:04.635"/>
                </kw>
                <status status="PASS" starttime="20230308 09:46:04.635" endtime="20230308 09:46:04.635"/>
            </kw>
            <status status="FAIL" starttime="20230308 09:45:57.963" endtime="20230308 09:46:04.636"/>
        </suite>
        <suite id="s1-s5" name="TC005 - Verify welcome page journey is as excepted"
               source="D:\FusionTestFramework\Com.XYZProject.Android\XYZProject.TestcaseSuite\TC005 - Verify welcome page journey is as excepted.robot">
            <test id="s1-s5-t1" name="Verify that user is able to paste study link using Paste study link" line="11">
                <doc>Verification that user is able to paste study link using Paste study link</doc>
                <tag>Regression</tag>
                <tag>robot:exit</tag>
                <status status="FAIL" starttime="20230308 09:46:04.637" endtime="20230308 09:46:04.637">Test execution
                    stopped due to a fatal error.
                </status>
            </test>
            <test id="s1-s5-t2" name="Verify that Help page open up when user taps on help icon&quot;?&quot;" line="22">
                <doc>Verification that Help page open up when user taps on help icon"?"</doc>
                <tag>Regression</tag>
                <tag>robot:exit</tag>
                <status status="FAIL" starttime="20230308 09:46:04.637" endtime="20230308 09:46:04.638">Test execution
                    stopped due to a fatal error.
                </status>
            </test>
            <status status="FAIL" starttime="20230308 09:46:04.636" endtime="20230308 09:46:04.638"/>
        </suite>
        <status status="FAIL" starttime="20230308 09:45:00.333" endtime="20230308 09:46:04.638"/>
    </suite>
    <statistics>
        <total>
            <stat pass="1" fail="5" skip="0">All Tests</stat>
        </total>
        <tag>
            <stat pass="1" fail="3" skip="0" info="combined" combined="NOT robot:exit">NOT robot:exit</stat>
            <stat pass="1" fail="4" skip="0">Regression</stat>
            <stat pass="0" fail="1" skip="0">smoke</stat>
        </tag>
        <suite>
            <stat pass="1" fail="5" skip="0" id="s1" name="XYZProject.TestcaseSuite">XYZProject.TestcaseSuite</stat>
            <stat pass="0" fail="1" skip="0" id="s1-s1"
                  name="TC001 - Tap on 'Privacy policy' and verify user is landing on Privacy policy page">
                XYZProject.TestcaseSuite.TC001 - Tap on 'Privacy policy' and verify user is landing on Privacy policy
                page
            </stat>
            <stat pass="1" fail="0" skip="0" id="s1-s2" name="TC002 - Verify that Deep link URL is providing QR code">
                XYZProject.TestcaseSuite.TC002 - Verify that Deep link URL is providing QR code
            </stat>
            <stat pass="0" fail="1" skip="0" id="s1-s3"
                  name="TC003 - Verify that Google Play button redirecting user to Vision Project on play store">
                XYZProject.TestcaseSuite.TC003 - Verify that Google Play button redirecting user to Vision Project on
                play store
            </stat>
            <stat pass="0" fail="1" skip="0" id="s1-s4"
                  name="TC004 - Verify that if social app is not installed on phone then App was not found screen appears">
                XYZProject.TestcaseSuite.TC004 - Verify that if social app is not installed on phone then App was not
                found screen appears
            </stat>
            <stat pass="0" fail="2" skip="0" id="s1-s5" name="TC005 - Verify welcome page journey is as excepted">
                XYZProject.TestcaseSuite.TC005 - Verify welcome page journey is as excepted
            </stat>
        </suite>
    </statistics>
    <errors>
        <msg timestamp="20230308 09:45:02.533" level="WARN">Retrying (Retry(total=2, connect=None, read=None,
            redirect=None, status=None)) after connection broken by 'ConnectTimeoutError(&lt;urllib3.connection.HTTPConnection
            object at 0x0000013FEF10D850&gt;, 'Connection to 127.0.0.1 timed out. (connect timeout=1.0)')':
            /wd/hub/status
        </msg>
        <msg timestamp="20230308 09:45:24.675" level="WARN">Keyword 'Capture Page Screenshot' could not be run on
            failure: Multiple keywords with name 'Capture Page Screenshot' found. Give the full name of the keyword you
            want to use:
            MobileTestLibrary.Capture Page Screenshot
            WebApplicationTestLibrary.Capture Page Screenshot
        </msg>
        <msg timestamp="20230308 09:45:24.679" level="WARN">Keyword 'Capture Page Screenshot' could not be run on
            failure: Multiple keywords with name 'Capture Page Screenshot' found. Give the full name of the keyword you
            want to use:
            MobileTestLibrary.Capture Page Screenshot
            WebApplicationTestLibrary.Capture Page Screenshot
        </msg>
        <msg timestamp="20230308 09:45:24.686" level="WARN">Keyword 'Capture Page Screenshot' could not be run on
            failure: Multiple keywords with name 'Capture Page Screenshot' found. Give the full name of the keyword you
            want to use:
            MobileTestLibrary.Capture Page Screenshot
            WebApplicationTestLibrary.Capture Page Screenshot
        </msg>
        <msg timestamp="20230308 09:45:24.689" level="WARN">Keyword 'Capture Page Screenshot' could not be run on
            failure: Multiple keywords with name 'Capture Page Screenshot' found. Give the full name of the keyword you
            want to use:
            MobileTestLibrary.Capture Page Screenshot
            WebApplicationTestLibrary.Capture Page Screenshot
        </msg>
        <msg timestamp="20230308 09:45:57.925" level="WARN">Keyword 'Capture Page Screenshot' could not be run on
            failure: Multiple keywords with name 'Capture Page Screenshot' found. Give the full name of the keyword you
            want to use:
            MobileTestLibrary.Capture Page Screenshot
            WebApplicationTestLibrary.Capture Page Screenshot
        </msg>
        <msg timestamp="20230308 09:45:57.936" level="WARN">Keyword 'Capture Page Screenshot' could not be run on
            failure: Multiple keywords with name 'Capture Page Screenshot' found. Give the full name of the keyword you
            want to use:
            MobileTestLibrary.Capture Page Screenshot
            WebApplicationTestLibrary.Capture Page Screenshot
        </msg>
        <msg timestamp="20230308 09:45:57.950" level="WARN">Keyword 'Capture Page Screenshot' could not be run on
            failure: Multiple keywords with name 'Capture Page Screenshot' found. Give the full name of the keyword you
            want to use:
            MobileTestLibrary.Capture Page Screenshot
            WebApplicationTestLibrary.Capture Page Screenshot
        </msg>
        <msg timestamp="20230308 09:45:57.955" level="WARN">Keyword 'Capture Page Screenshot' could not be run on
            failure: Multiple keywords with name 'Capture Page Screenshot' found. Give the full name of the keyword you
            want to use:
            MobileTestLibrary.Capture Page Screenshot
            WebApplicationTestLibrary.Capture Page Screenshot
        </msg>
        <msg timestamp="20230308 09:46:04.619" level="WARN">Keyword 'Capture Page Screenshot' could not be run on
            failure: Multiple keywords with name 'Capture Page Screenshot' found. Give the full name of the keyword you
            want to use:
            MobileTestLibrary.Capture Page Screenshot
            WebApplicationTestLibrary.Capture Page Screenshot
        </msg>
        <msg timestamp="20230308 09:46:04.623" level="WARN">Keyword 'Capture Page Screenshot' could not be run on
            failure: Multiple keywords with name 'Capture Page Screenshot' found. Give the full name of the keyword you
            want to use:
            MobileTestLibrary.Capture Page Screenshot
            WebApplicationTestLibrary.Capture Page Screenshot
        </msg>
        <msg timestamp="20230308 09:46:04.628" level="WARN">Keyword 'Capture Page Screenshot' could not be run on
            failure: Multiple keywords with name 'Capture Page Screenshot' found. Give the full name of the keyword you
            want to use:
            MobileTestLibrary.Capture Page Screenshot
            WebApplicationTestLibrary.Capture Page Screenshot
        </msg>
        <msg timestamp="20230308 09:46:04.630" level="WARN">Keyword 'Capture Page Screenshot' could not be run on
            failure: Multiple keywords with name 'Capture Page Screenshot' found. Give the full name of the keyword you
            want to use:
            MobileTestLibrary.Capture Page Screenshot
            WebApplicationTestLibrary.Capture Page Screenshot
        </msg>
    </errors>
</robot>
